{
  "stats": {
    "suites": 1,
    "tests": 1,
    "passes": 0,
    "pending": 0,
    "failures": 1,
    "start": "2020-04-10T20:08:23.056Z",
    "end": "2020-04-10T20:08:45.029Z",
    "duration": 21973,
    "testsRegistered": 1,
    "passPercent": 0,
    "pendingPercent": 0,
    "other": 0,
    "hasOther": false,
    "skipped": 0,
    "hasSkipped": false
  },
  "results": [
    {
      "uuid": "2b58719f-dfc1-4f90-89e2-5a5e2bc4fbfa",
      "title": "",
      "fullFile": "cypress\\integration\\Player\\next_prev.spec.js",
      "file": "cypress\\integration\\Player\\next_prev.spec.js",
      "beforeHooks": [],
      "afterHooks": [],
      "tests": [],
      "suites": [
        {
          "uuid": "c23ba01a-84c6-4aa0-bf39-101a00b8bb94",
          "title": "Next/Prev",
          "fullFile": "",
          "file": "",
          "beforeHooks": [],
          "afterHooks": [],
          "tests": [
            {
              "title": "next Button/ previous Button",
              "fullTitle": "Next/Prev next Button/ previous Button",
              "timedOut": null,
              "duration": 21861,
              "state": "failed",
              "speed": null,
              "pass": false,
              "fail": true,
              "pending": false,
              "context": null,
              "code": "cy.get(\"[data-testid='\".concat(self.playerIds.queue, \"']\")).click().then(function () {\n  cy.wait(1000).then(function () {\n    cy.get(\"[data-testid='\".concat(self.playerIds.trackName, \"']\")).then(function (trackName) {\n      var oldName = trackName.text();\n      var tName = oldName;\n      var nextTrackName = \"\"; //getting the next track's name in the queue \n      //getting the div contains the current track then get it's parent that has class= track then get the next sibling\n      //then get the track name within it \n      cy.get(\"[data-testid='\".concat(self.playerIds.queueTrack, \"']\")).contains(tName).parents('.track').next().within(function () {\n        cy.get(\"[data-testid='\".concat(self.playerIds.queueTrack, \"']\")).within(function () {\n          cy.get('a').then(function (nextTrack) {\n            nextTrackName = nextTrack.text();\n          });\n        });\n      });\n      cy.get(\"[data-testid='\".concat(self.playerIds.next, \"']\")).click().then(function () {\n        tName = trackName.text();\n        expect(tName).eq(nextTrackName);\n      });\n      cy.get(\"[data-testid='\".concat(self.playerIds.prev, \"']\")).click().then(function () {\n        tName = trackName.text();\n        expect(tName).eq(oldName);\n      });\n    });\n  });\n});",
              "err": {
                "message": "AssertionError: expected 'Dorak gai' to equal 'ارضي علينا يا لميمة'",
                "estack": "AssertionError: expected 'Dorak gai' to equal 'ارضي علينا يا لميمة'\n    at getRet (http://localhost:3000/__cypress/runner/cypress_runner.js:125261:16)\n    at tryCatcher (http://localhost:3000/__cypress/runner/cypress_runner.js:165465:23)\n    at Function.Promise.attempt.Promise.try (http://localhost:3000/__cypress/runner/cypress_runner.js:162740:29)\n    at Context.thenFn (http://localhost:3000/__cypress/runner/cypress_runner.js:125275:23)\n    at Context.then (http://localhost:3000/__cypress/runner/cypress_runner.js:125647:21)\n    at Context.<anonymous> (http://localhost:3000/__cypress/runner/cypress_runner.js:137585:21)\n    at http://localhost:3000/__cypress/runner/cypress_runner.js:137061:33\n    at tryCatcher (http://localhost:3000/__cypress/runner/cypress_runner.js:165465:23)\n    at Promise._settlePromiseFromHandler (http://localhost:3000/__cypress/runner/cypress_runner.js:163401:31)\n    at Promise._settlePromise (http://localhost:3000/__cypress/runner/cypress_runner.js:163458:18)\n    at Promise._settlePromiseCtx (http://localhost:3000/__cypress/runner/cypress_runner.js:163495:10)\n    at Async../node_modules/bluebird/js/release/async.js.Async._drainQueue (http://localhost:3000/__cypress/runner/cypress_runner.js:160195:12)\n    at Async../node_modules/bluebird/js/release/async.js.Async._drainQueues (http://localhost:3000/__cypress/runner/cypress_runner.js:160200:10)\n    at Async.drainQueues (http://localhost:3000/__cypress/runner/cypress_runner.js:160074:14)",
                "diff": "- 'Dorak gai'\n+ 'ارضي علينا يا لميمة'\n"
              },
              "uuid": "4e03277b-a4bf-443f-a0a3-a5aafbcfb0bc",
              "parentUUID": "c23ba01a-84c6-4aa0-bf39-101a00b8bb94",
              "isHook": false,
              "skipped": false
            }
          ],
          "suites": [],
          "passes": [],
          "failures": [
            "4e03277b-a4bf-443f-a0a3-a5aafbcfb0bc"
          ],
          "pending": [],
          "skipped": [],
          "duration": 21861,
          "root": false,
          "rootEmpty": false,
          "_timeout": 2000
        }
      ],
      "passes": [],
      "failures": [],
      "pending": [],
      "skipped": [],
      "duration": 0,
      "root": true,
      "rootEmpty": true,
      "_timeout": 2000
    }
  ],
  "meta": {
    "mocha": {
      "version": "7.1.1"
    },
    "mochawesome": {
      "options": {
        "quiet": false,
        "reportFilename": "mochawesome",
        "saveHtml": true,
        "saveJson": true,
        "consoleReporter": "spec",
        "useInlineDiffs": false,
        "code": true
      },
      "version": "5.0.0"
    },
    "marge": {
      "options": {
        "id": "default",
        "reportDir": "cypress/reports/mocha",
        "quite": true,
        "overwrite": false,
        "html": true,
        "json": true
      },
      "version": "4.1.0"
    }
  }
}