{
  "stats": {
    "suites": 1,
    "tests": 2,
    "passes": 1,
    "pending": 0,
    "failures": 1,
    "start": "2020-04-10T20:07:58.483Z",
    "end": "2020-04-10T20:08:15.446Z",
    "duration": 16963,
    "testsRegistered": 2,
    "passPercent": 50,
    "pendingPercent": 0,
    "other": 0,
    "hasOther": false,
    "skipped": 0,
    "hasSkipped": false
  },
  "results": [
    {
      "uuid": "99024bed-eb7a-4614-8572-a8e2ecdb8a12",
      "title": "",
      "fullFile": "cypress\\integration\\Player\\Like.spec.js",
      "file": "cypress\\integration\\Player\\Like.spec.js",
      "beforeHooks": [],
      "afterHooks": [],
      "tests": [],
      "suites": [
        {
          "uuid": "3583d56d-3a1c-4200-9c22-8a126c1655a2",
          "title": "Like",
          "fullFile": "",
          "file": "",
          "beforeHooks": [],
          "afterHooks": [],
          "tests": [
            {
              "title": "like Song",
              "fullTitle": "Like like Song",
              "timedOut": null,
              "duration": 11527,
              "state": "passed",
              "speed": "slow",
              "pass": true,
              "fail": false,
              "pending": false,
              "context": null,
              "code": "cy.wait(1000); // it has no uniqe id so i had to use xpath\ncy.xpath('//*[@id=\"root\"]/div/div[4]/div/div[3]/div/button[1]/img').should('have.attr', 'alt', 'Love');\ncy.get(\"[data-testid='\".concat(self.playerIds.Like, \"']\")).click().then(function () {\n  cy.xpath('//*[@id=\"root\"]/div/div[4]/div/div[3]/div/button[1]/img').should('have.attr', 'alt', 'Loved');\n});",
              "err": {},
              "uuid": "30ee7cbe-9148-403b-9c23-1b5276e6ebbc",
              "parentUUID": "3583d56d-3a1c-4200-9c22-8a126c1655a2",
              "isHook": false,
              "skipped": false
            },
            {
              "title": "see if it liked song is in liked Songs",
              "fullTitle": "Like see if it liked song is in liked Songs",
              "timedOut": null,
              "duration": 5328,
              "state": "failed",
              "speed": null,
              "pass": false,
              "fail": true,
              "pending": false,
              "context": null,
              "code": "cy.get('a').contains('Liked Songs').click().then(function () {\n  cy.url().should('contains', 'likedSongs');\n  cy.get(\"[data-testid='\".concat(self.playerIds.trackName, \"']\")).then(function (trackName) {\n    var Name = trackName.text();\n    cy.get(\"[data-testid='\".concat(self.playerIds.likedTrackName, \"']\")).should('contain.text', Name);\n  });\n});",
              "err": {
                "message": "CypressError: Timed out retrying: expected '[ <span.whiteText>, 5 more... ]' to contain text 'Dorak gai', but the text was 'Hat SogaraHat SogaraHat SogaraHat SogaraHat Sogaraواحد وعشرين'",
                "estack": "CypressError: Timed out retrying: expected '[ <span.whiteText>, 5 more... ]' to contain text 'Dorak gai', but the text was 'Hat SogaraHat SogaraHat SogaraHat SogaraHat Sogaraواحد وعشرين'\n    at cypressErr (http://localhost:3000/__cypress/runner/cypress_runner.js:138644:9)\n    at throwErr (http://localhost:3000/__cypress/runner/cypress_runner.js:138577:11)\n    at Object.throwErrByPath (http://localhost:3000/__cypress/runner/cypress_runner.js:138625:3)\n    at retry (http://localhost:3000/__cypress/runner/cypress_runner.js:132905:19)\n    at onFailFn (http://localhost:3000/__cypress/runner/cypress_runner.js:121122:16)\n    at tryCatcher (http://localhost:3000/__cypress/runner/cypress_runner.js:165465:23)\n    at Promise._settlePromiseFromHandler (http://localhost:3000/__cypress/runner/cypress_runner.js:163401:31)\n    at Promise._settlePromise (http://localhost:3000/__cypress/runner/cypress_runner.js:163458:18)\n    at Promise._settlePromise0 (http://localhost:3000/__cypress/runner/cypress_runner.js:163503:10)\n    at Promise._settlePromises (http://localhost:3000/__cypress/runner/cypress_runner.js:163578:18)\n    at Async../node_modules/bluebird/js/release/async.js.Async._drainQueue (http://localhost:3000/__cypress/runner/cypress_runner.js:160190:16)\n    at Async../node_modules/bluebird/js/release/async.js.Async._drainQueues (http://localhost:3000/__cypress/runner/cypress_runner.js:160200:10)\n    at Async.drainQueues (http://localhost:3000/__cypress/runner/cypress_runner.js:160074:14)",
                "diff": null
              },
              "uuid": "b83d859d-15f9-4cb0-9ea1-d721b732404b",
              "parentUUID": "3583d56d-3a1c-4200-9c22-8a126c1655a2",
              "isHook": false,
              "skipped": false
            }
          ],
          "suites": [],
          "passes": [
            "30ee7cbe-9148-403b-9c23-1b5276e6ebbc"
          ],
          "failures": [
            "b83d859d-15f9-4cb0-9ea1-d721b732404b"
          ],
          "pending": [],
          "skipped": [],
          "duration": 16855,
          "root": false,
          "rootEmpty": false,
          "_timeout": 2000
        }
      ],
      "passes": [],
      "failures": [],
      "pending": [],
      "skipped": [],
      "duration": 0,
      "root": true,
      "rootEmpty": true,
      "_timeout": 2000
    }
  ],
  "meta": {
    "mocha": {
      "version": "7.1.1"
    },
    "mochawesome": {
      "options": {
        "quiet": false,
        "reportFilename": "mochawesome",
        "saveHtml": true,
        "saveJson": true,
        "consoleReporter": "spec",
        "useInlineDiffs": false,
        "code": true
      },
      "version": "5.0.0"
    },
    "marge": {
      "options": {
        "id": "default",
        "reportDir": "cypress/reports/mocha",
        "quite": true,
        "overwrite": false,
        "html": true,
        "json": true
      },
      "version": "4.1.0"
    }
  }
}