{
  "stats": {
    "suites": 18,
    "tests": 86,
    "passes": 10,
    "pending": 0,
    "failures": 51,
    "start": "2020-05-18T08:48:59.621Z",
    "end": "2020-05-18T08:48:59.621Z",
    "duration": 476204,
    "testsRegistered": 86,
    "passPercent": 11.627906976744185,
    "pendingPercent": 0,
    "other": 0,
    "hasOther": false,
    "skipped": 25,
    "hasSkipped": true
  },
  "results": [
    {
      "uuid": "99024bed-eb7a-4614-8572-a8e2ecdb8a12",
      "title": "",
      "fullFile": "cypress\\integration\\Player\\Like.spec.js",
      "file": "cypress\\integration\\Player\\Like.spec.js",
      "beforeHooks": [],
      "afterHooks": [],
      "tests": [],
      "suites": [
        {
          "uuid": "3583d56d-3a1c-4200-9c22-8a126c1655a2",
          "title": "Like",
          "fullFile": "",
          "file": "",
          "beforeHooks": [],
          "afterHooks": [],
          "tests": [
            {
              "title": "like Song",
              "fullTitle": "Like like Song",
              "timedOut": null,
              "duration": 11527,
              "state": "passed",
              "speed": "slow",
              "pass": true,
              "fail": false,
              "pending": false,
              "context": null,
              "code": "cy.wait(1000); // it has no uniqe id so i had to use xpath\ncy.xpath('//*[@id=\"root\"]/div/div[4]/div/div[3]/div/button[1]/img').should('have.attr', 'alt', 'Love');\ncy.get(\"[data-testid='\".concat(self.playerIds.Like, \"']\")).click().then(function () {\n  cy.xpath('//*[@id=\"root\"]/div/div[4]/div/div[3]/div/button[1]/img').should('have.attr', 'alt', 'Loved');\n});",
              "err": {},
              "uuid": "30ee7cbe-9148-403b-9c23-1b5276e6ebbc",
              "parentUUID": "3583d56d-3a1c-4200-9c22-8a126c1655a2",
              "isHook": false,
              "skipped": false
            },
            {
              "title": "see if it liked song is in liked Songs",
              "fullTitle": "Like see if it liked song is in liked Songs",
              "timedOut": null,
              "duration": 5328,
              "state": "failed",
              "speed": null,
              "pass": false,
              "fail": true,
              "pending": false,
              "context": null,
              "code": "cy.get('a').contains('Liked Songs').click().then(function () {\n  cy.url().should('contains', 'likedSongs');\n  cy.get(\"[data-testid='\".concat(self.playerIds.trackName, \"']\")).then(function (trackName) {\n    var Name = trackName.text();\n    cy.get(\"[data-testid='\".concat(self.playerIds.likedTrackName, \"']\")).should('contain.text', Name);\n  });\n});",
              "err": {
                "message": "CypressError: Timed out retrying: expected '[ <span.whiteText>, 5 more... ]' to contain text 'Dorak gai', but the text was 'Hat SogaraHat SogaraHat SogaraHat SogaraHat Sogaraواحد وعشرين'",
                "estack": "CypressError: Timed out retrying: expected '[ <span.whiteText>, 5 more... ]' to contain text 'Dorak gai', but the text was 'Hat SogaraHat SogaraHat SogaraHat SogaraHat Sogaraواحد وعشرين'\n    at cypressErr (http://localhost:3000/__cypress/runner/cypress_runner.js:138644:9)\n    at throwErr (http://localhost:3000/__cypress/runner/cypress_runner.js:138577:11)\n    at Object.throwErrByPath (http://localhost:3000/__cypress/runner/cypress_runner.js:138625:3)\n    at retry (http://localhost:3000/__cypress/runner/cypress_runner.js:132905:19)\n    at onFailFn (http://localhost:3000/__cypress/runner/cypress_runner.js:121122:16)\n    at tryCatcher (http://localhost:3000/__cypress/runner/cypress_runner.js:165465:23)\n    at Promise._settlePromiseFromHandler (http://localhost:3000/__cypress/runner/cypress_runner.js:163401:31)\n    at Promise._settlePromise (http://localhost:3000/__cypress/runner/cypress_runner.js:163458:18)\n    at Promise._settlePromise0 (http://localhost:3000/__cypress/runner/cypress_runner.js:163503:10)\n    at Promise._settlePromises (http://localhost:3000/__cypress/runner/cypress_runner.js:163578:18)\n    at Async../node_modules/bluebird/js/release/async.js.Async._drainQueue (http://localhost:3000/__cypress/runner/cypress_runner.js:160190:16)\n    at Async../node_modules/bluebird/js/release/async.js.Async._drainQueues (http://localhost:3000/__cypress/runner/cypress_runner.js:160200:10)\n    at Async.drainQueues (http://localhost:3000/__cypress/runner/cypress_runner.js:160074:14)",
                "diff": null
              },
              "uuid": "b83d859d-15f9-4cb0-9ea1-d721b732404b",
              "parentUUID": "3583d56d-3a1c-4200-9c22-8a126c1655a2",
              "isHook": false,
              "skipped": false
            }
          ],
          "suites": [],
          "passes": [
            "30ee7cbe-9148-403b-9c23-1b5276e6ebbc"
          ],
          "failures": [
            "b83d859d-15f9-4cb0-9ea1-d721b732404b"
          ],
          "pending": [],
          "skipped": [],
          "duration": 16855,
          "root": false,
          "rootEmpty": false,
          "_timeout": 2000
        }
      ],
      "passes": [],
      "failures": [],
      "pending": [],
      "skipped": [],
      "duration": 0,
      "root": true,
      "rootEmpty": true,
      "_timeout": 2000
    },
    {
      "uuid": "2b58719f-dfc1-4f90-89e2-5a5e2bc4fbfa",
      "title": "",
      "fullFile": "cypress\\integration\\Player\\next_prev.spec.js",
      "file": "cypress\\integration\\Player\\next_prev.spec.js",
      "beforeHooks": [],
      "afterHooks": [],
      "tests": [],
      "suites": [
        {
          "uuid": "c23ba01a-84c6-4aa0-bf39-101a00b8bb94",
          "title": "Next/Prev",
          "fullFile": "",
          "file": "",
          "beforeHooks": [],
          "afterHooks": [],
          "tests": [
            {
              "title": "next Button/ previous Button",
              "fullTitle": "Next/Prev next Button/ previous Button",
              "timedOut": null,
              "duration": 21861,
              "state": "failed",
              "speed": null,
              "pass": false,
              "fail": true,
              "pending": false,
              "context": null,
              "code": "cy.get(\"[data-testid='\".concat(self.playerIds.queue, \"']\")).click().then(function () {\n  cy.wait(1000).then(function () {\n    cy.get(\"[data-testid='\".concat(self.playerIds.trackName, \"']\")).then(function (trackName) {\n      var oldName = trackName.text();\n      var tName = oldName;\n      var nextTrackName = \"\"; //getting the next track's name in the queue \n      //getting the div contains the current track then get it's parent that has class= track then get the next sibling\n      //then get the track name within it \n      cy.get(\"[data-testid='\".concat(self.playerIds.queueTrack, \"']\")).contains(tName).parents('.track').next().within(function () {\n        cy.get(\"[data-testid='\".concat(self.playerIds.queueTrack, \"']\")).within(function () {\n          cy.get('a').then(function (nextTrack) {\n            nextTrackName = nextTrack.text();\n          });\n        });\n      });\n      cy.get(\"[data-testid='\".concat(self.playerIds.next, \"']\")).click().then(function () {\n        tName = trackName.text();\n        expect(tName).eq(nextTrackName);\n      });\n      cy.get(\"[data-testid='\".concat(self.playerIds.prev, \"']\")).click().then(function () {\n        tName = trackName.text();\n        expect(tName).eq(oldName);\n      });\n    });\n  });\n});",
              "err": {
                "message": "AssertionError: expected 'Dorak gai' to equal 'ارضي علينا يا لميمة'",
                "estack": "AssertionError: expected 'Dorak gai' to equal 'ارضي علينا يا لميمة'\n    at getRet (http://localhost:3000/__cypress/runner/cypress_runner.js:125261:16)\n    at tryCatcher (http://localhost:3000/__cypress/runner/cypress_runner.js:165465:23)\n    at Function.Promise.attempt.Promise.try (http://localhost:3000/__cypress/runner/cypress_runner.js:162740:29)\n    at Context.thenFn (http://localhost:3000/__cypress/runner/cypress_runner.js:125275:23)\n    at Context.then (http://localhost:3000/__cypress/runner/cypress_runner.js:125647:21)\n    at Context.<anonymous> (http://localhost:3000/__cypress/runner/cypress_runner.js:137585:21)\n    at http://localhost:3000/__cypress/runner/cypress_runner.js:137061:33\n    at tryCatcher (http://localhost:3000/__cypress/runner/cypress_runner.js:165465:23)\n    at Promise._settlePromiseFromHandler (http://localhost:3000/__cypress/runner/cypress_runner.js:163401:31)\n    at Promise._settlePromise (http://localhost:3000/__cypress/runner/cypress_runner.js:163458:18)\n    at Promise._settlePromiseCtx (http://localhost:3000/__cypress/runner/cypress_runner.js:163495:10)\n    at Async../node_modules/bluebird/js/release/async.js.Async._drainQueue (http://localhost:3000/__cypress/runner/cypress_runner.js:160195:12)\n    at Async../node_modules/bluebird/js/release/async.js.Async._drainQueues (http://localhost:3000/__cypress/runner/cypress_runner.js:160200:10)\n    at Async.drainQueues (http://localhost:3000/__cypress/runner/cypress_runner.js:160074:14)",
                "diff": "- 'Dorak gai'\n+ 'ارضي علينا يا لميمة'\n"
              },
              "uuid": "4e03277b-a4bf-443f-a0a3-a5aafbcfb0bc",
              "parentUUID": "c23ba01a-84c6-4aa0-bf39-101a00b8bb94",
              "isHook": false,
              "skipped": false
            }
          ],
          "suites": [],
          "passes": [],
          "failures": [
            "4e03277b-a4bf-443f-a0a3-a5aafbcfb0bc"
          ],
          "pending": [],
          "skipped": [],
          "duration": 21861,
          "root": false,
          "rootEmpty": false,
          "_timeout": 2000
        }
      ],
      "passes": [],
      "failures": [],
      "pending": [],
      "skipped": [],
      "duration": 0,
      "root": true,
      "rootEmpty": true,
      "_timeout": 2000
    },
    {
      "uuid": "453ca2bf-5634-48bd-8637-b3588ea0dd20",
      "title": "",
      "fullFile": "cypress\\integration\\Player\\play_pause.spec.js",
      "file": "cypress\\integration\\Player\\play_pause.spec.js",
      "beforeHooks": [],
      "afterHooks": [],
      "tests": [],
      "suites": [
        {
          "uuid": "74de48ef-d937-4c69-8ce5-2705b2d48dbc",
          "title": "Play/Pause",
          "fullFile": "",
          "file": "",
          "beforeHooks": [],
          "afterHooks": [],
          "tests": [
            {
              "title": "play button",
              "fullTitle": "Play/Pause play button",
              "timedOut": null,
              "duration": 31400,
              "state": "failed",
              "speed": null,
              "pass": false,
              "fail": true,
              "pending": false,
              "context": null,
              "code": "cy.wait(1000); //i used xpath because when i try to get this button with the test id it gives me 61 element not just 1\ncy.xpath('//*[@id=\"root\"]/div/div[4]/div/div[1]/div/div[2]/div/button[2]').click({\n  multiple: true,\n  force: true\n}).then(function (play) {\n  //play assertion\n  cy.get(\"[data-testid='\".concat(self.playerIds.pause, \"']\")).should('be.visible');\n  cy.wait(5000);\n  cy.get(\"[data-testid='\".concat(self.playerIds.currentTime, \"']\")).then(function (cTime) {\n    var pattern = /\\d{2}/g; //regular expression\n    var timeText = cTime.text();\n    var Time = pattern.exec(timeText);\n    expect(parseInt(Time)).to.be.equal(5); //waiting 5 second after clicking play button then check if the time in bar is equal to 5\n  });\n});",
              "err": {
                "message": "AssertionError: expected 8 to equal 5",
                "estack": "AssertionError: expected 8 to equal 5\n    at getRet (http://localhost:3000/__cypress/runner/cypress_runner.js:125261:16)\n    at tryCatcher (http://localhost:3000/__cypress/runner/cypress_runner.js:165465:23)\n    at Function.Promise.attempt.Promise.try (http://localhost:3000/__cypress/runner/cypress_runner.js:162740:29)\n    at Context.thenFn (http://localhost:3000/__cypress/runner/cypress_runner.js:125275:23)\n    at Context.then (http://localhost:3000/__cypress/runner/cypress_runner.js:125647:21)\n    at Context.<anonymous> (http://localhost:3000/__cypress/runner/cypress_runner.js:137585:21)\n    at http://localhost:3000/__cypress/runner/cypress_runner.js:137061:33\n    at tryCatcher (http://localhost:3000/__cypress/runner/cypress_runner.js:165465:23)\n    at Promise._settlePromiseFromHandler (http://localhost:3000/__cypress/runner/cypress_runner.js:163401:31)\n    at Promise._settlePromise (http://localhost:3000/__cypress/runner/cypress_runner.js:163458:18)\n    at Promise._settlePromiseCtx (http://localhost:3000/__cypress/runner/cypress_runner.js:163495:10)\n    at Async../node_modules/bluebird/js/release/async.js.Async._drainQueue (http://localhost:3000/__cypress/runner/cypress_runner.js:160195:12)\n    at Async../node_modules/bluebird/js/release/async.js.Async._drainQueues (http://localhost:3000/__cypress/runner/cypress_runner.js:160200:10)\n    at Async.drainQueues (http://localhost:3000/__cypress/runner/cypress_runner.js:160074:14)",
                "diff": "- 8\n+ 5\n"
              },
              "uuid": "452d77f7-7c51-4ac1-bfa0-a79f1eb4d521",
              "parentUUID": "74de48ef-d937-4c69-8ce5-2705b2d48dbc",
              "isHook": false,
              "skipped": false
            },
            {
              "title": "pause button",
              "fullTitle": "Play/Pause pause button",
              "timedOut": null,
              "duration": 6602,
              "state": "passed",
              "speed": "slow",
              "pass": true,
              "fail": false,
              "pending": false,
              "context": null,
              "code": "cy.wait(1000);\ncy.get(\"[data-testid='\".concat(self.playerIds.pause, \"']\")).click({\n  multiple: true,\n  force: true\n}).then(function (play) {\n  cy.get(\"[data-testid='current-time']\").then(function (cTime) {\n    var timeText = cTime.text(); //pause assertion\n    cy.get(\"[data-testid='\".concat(self.playerIds.play, \"']\")).should('be.visible');\n    cy.wait(5000).then(function () {\n      var timeText2 = cTime.text();\n      expect(timeText).to.be.equal(timeText2);\n    });\n  });\n});",
              "err": {},
              "uuid": "f7f629aa-5b35-4455-b156-2ee9e2bbe3bc",
              "parentUUID": "74de48ef-d937-4c69-8ce5-2705b2d48dbc",
              "isHook": false,
              "skipped": false
            },
            {
              "title": "volumeBar \"afterClicking on the play button\"",
              "fullTitle": "Play/Pause volumeBar \"afterClicking on the play button\"",
              "timedOut": null,
              "duration": 5738,
              "state": "failed",
              "speed": null,
              "pass": false,
              "fail": true,
              "pending": false,
              "context": null,
              "code": "cy.wait(1000);\ncy.get(\"[data-testid='\".concat(self.playerIds.volumeBar, \"']\")).click('right').then(function () {\n  cy.xpath('//*[@id=\"volume-width\"]/div/div').should('have.attr', \"style\", 'width: 100%;');\n});\ncy.get(\"[data-testid='\".concat(self.playerIds.volumeBar, \"']\")).click().then(function () {\n  cy.xpath('//*[@id=\"volume-width\"]/div/div').should('have.attr', \"style\", 'width: 50%;');\n});",
              "err": {
                "message": "CypressError: Timed out retrying: expected '<div.progress>' to have attribute 'style' with the value 'width: 100%;', but the value was 'width: 98%;'",
                "estack": "CypressError: Timed out retrying: expected '<div.progress>' to have attribute 'style' with the value 'width: 100%;', but the value was 'width: 98%;'\n    at cypressErr (http://localhost:3000/__cypress/runner/cypress_runner.js:138644:9)\n    at throwErr (http://localhost:3000/__cypress/runner/cypress_runner.js:138577:11)\n    at Object.throwErrByPath (http://localhost:3000/__cypress/runner/cypress_runner.js:138625:3)\n    at retry (http://localhost:3000/__cypress/runner/cypress_runner.js:132905:19)\n    at onFailFn (http://localhost:3000/__cypress/runner/cypress_runner.js:121122:16)\n    at tryCatcher (http://localhost:3000/__cypress/runner/cypress_runner.js:165465:23)\n    at Promise._settlePromiseFromHandler (http://localhost:3000/__cypress/runner/cypress_runner.js:163401:31)\n    at Promise._settlePromise (http://localhost:3000/__cypress/runner/cypress_runner.js:163458:18)\n    at Promise._settlePromise0 (http://localhost:3000/__cypress/runner/cypress_runner.js:163503:10)\n    at Promise._settlePromises (http://localhost:3000/__cypress/runner/cypress_runner.js:163578:18)\n    at Async../node_modules/bluebird/js/release/async.js.Async._drainQueue (http://localhost:3000/__cypress/runner/cypress_runner.js:160190:16)\n    at Async../node_modules/bluebird/js/release/async.js.Async._drainQueues (http://localhost:3000/__cypress/runner/cypress_runner.js:160200:10)\n    at Async.drainQueues (http://localhost:3000/__cypress/runner/cypress_runner.js:160074:14)",
                "diff": null
              },
              "uuid": "2ca46275-326f-45c2-a9ca-31abce85078c",
              "parentUUID": "74de48ef-d937-4c69-8ce5-2705b2d48dbc",
              "isHook": false,
              "skipped": false
            },
            {
              "title": "progress Bar 'after clicking on the play button once then pause'",
              "fullTitle": "Play/Pause progress Bar 'after clicking on the play button once then pause'",
              "timedOut": null,
              "duration": 5887,
              "state": "failed",
              "speed": null,
              "pass": false,
              "fail": true,
              "pending": false,
              "context": null,
              "code": "cy.wait(1000);\ncy.get(\"[data-testid='\".concat(self.playerIds.progressBar, \"']\")).click('left').then(function () {\n  cy.get(\"[data-testid='\".concat(self.playerIds.currentTime, \"']\")).should('have.text', '0.00');\n});\ncy.get(\"[data-testid='\".concat(self.playerIds.progressBar, \"']\")).click().then(function () {\n  cy.get(\"[data-testid='\".concat(self.playerIds.currentTime, \"']\")).then(function (cTime) {\n    var pattern = /\\d{1}/g; //regular expression\n    var timeText = cTime.text();\n    var Time = pattern.exec(timeText);\n    pattern = /\\d{2}/g;\n    var Time2 = pattern.exec(timeText);\n    var currentTime = Time * 60 + Time2;\n    cy.get(\"[data-testid='duration-time']\").then(function (dTime) {\n      pattern = /\\d{1}/g; //regular expression\n      timeText = cTime.text();\n      Time = pattern.exec(timeText);\n      pattern = /\\d{2}/g;\n      Time2 = pattern.exec(timeText);\n      var durationTime = Time * 60 + Time2;\n      expect(Math.abs(currentTime - durationTime / 2)).lessThan(3);\n    }); //waiting 5 second after clicking play button then check if the time in bar is equal to 5\n  });\n});",
              "err": {
                "message": "CypressError: Timed out retrying: expected '<span.progress-time.current>' to have text '0.00', but the text was '0.12'",
                "estack": "CypressError: Timed out retrying: expected '<span.progress-time.current>' to have text '0.00', but the text was '0.12'\n    at cypressErr (http://localhost:3000/__cypress/runner/cypress_runner.js:138644:9)\n    at throwErr (http://localhost:3000/__cypress/runner/cypress_runner.js:138577:11)\n    at Object.throwErrByPath (http://localhost:3000/__cypress/runner/cypress_runner.js:138625:3)\n    at retry (http://localhost:3000/__cypress/runner/cypress_runner.js:132905:19)\n    at onFailFn (http://localhost:3000/__cypress/runner/cypress_runner.js:121122:16)\n    at tryCatcher (http://localhost:3000/__cypress/runner/cypress_runner.js:165465:23)\n    at Promise._settlePromiseFromHandler (http://localhost:3000/__cypress/runner/cypress_runner.js:163401:31)\n    at Promise._settlePromise (http://localhost:3000/__cypress/runner/cypress_runner.js:163458:18)\n    at Promise._settlePromise0 (http://localhost:3000/__cypress/runner/cypress_runner.js:163503:10)\n    at Promise._settlePromises (http://localhost:3000/__cypress/runner/cypress_runner.js:163578:18)\n    at Async../node_modules/bluebird/js/release/async.js.Async._drainQueue (http://localhost:3000/__cypress/runner/cypress_runner.js:160190:16)\n    at Async../node_modules/bluebird/js/release/async.js.Async._drainQueues (http://localhost:3000/__cypress/runner/cypress_runner.js:160200:10)\n    at Async.drainQueues (http://localhost:3000/__cypress/runner/cypress_runner.js:160074:14)",
                "diff": null
              },
              "uuid": "d459f7ab-7e7c-4574-824d-8fd3faa2073e",
              "parentUUID": "74de48ef-d937-4c69-8ce5-2705b2d48dbc",
              "isHook": false,
              "skipped": false
            },
            {
              "title": "progress Bar 'while the play button is clicked'",
              "fullTitle": "Play/Pause progress Bar 'while the play button is clicked'",
              "timedOut": null,
              "duration": 8743,
              "state": "passed",
              "speed": "slow",
              "pass": true,
              "fail": false,
              "pending": false,
              "context": null,
              "code": "cy.wait(1000);\ncy.xpath('//*[@id=\"root\"]/div/div[4]/div/div[1]/div/div[2]/div/button[2]').click();\ncy.get(\"[data-testid='\".concat(self.playerIds.progressBar, \"']\")).click().then(function () {\n  cy.wait(1000).then(function () {\n    cy.get(\"[data-testid='\".concat(self.playerIds.currentTime, \"']\")).then(function (cTime) {\n      var pattern = /\\d{1}/g; //regular expression\n      var timeText = cTime.text();\n      var Time = pattern.exec(timeText);\n      pattern = /\\d{2}/g;\n      var Time2 = pattern.exec(timeText);\n      var currentTime = parseInt(Time) * 60 + parseInt(Time2);\n      cy.get(\"[data-testid='\".concat(self.playerIds.totalTime, \"']\")).then(function (dTime) {\n        pattern = /\\d{1}/g; //regular expression\n        timeText = dTime.text();\n        Time = pattern.exec(timeText);\n        pattern = /\\d{2}/g;\n        Time2 = pattern.exec(timeText);\n        var durationTime = parseInt(Time) * 60 + parseInt(Time2);\n        expect(Math.abs(parseInt(currentTime) - parseInt(durationTime / 2))).lessThan(3);\n      }); //waiting 5 second after clicking play button then check if the time in bar is equal to 5\n    });\n  }); //it responds a little bit slow\n});\ncy.get(\"[data-testid='\".concat(self.playerIds.progressBar, \"']\")).click('left');\ncy.get(\"[data-testid='\".concat(self.playerIds.pause, \"']\")).click();\ncy.get(\"[data-testid='\".concat(self.playerIds.currentTime, \"']\")).should('have.text', '0.02');\ncy.log(\"it responds a little bit slow so it's 0.02 not 0.00 \");\ncy.get(\"[data-testid='\".concat(self.playerIds.trackName, \"']\")).then(function (trackName) {\n  var Name = trackName.text();\n  cy.xpath('//*[@id=\"root\"]/div/div[4]/div/div[1]/div/div[2]/div/button[2]').click();\n  cy.get(\"[data-testid='\".concat(self.playerIds.progressBar, \"']\")).click('right');\n  cy.wait(5000); // wait untill the song ends and the other one starts\n  cy.get(\"[data-testid='\".concat(self.playerIds.trackName, \"']\")).then(function (trackName2) {\n    var Name2 = trackName2.text();\n    expect(Name).not.eq(Name2);\n  });\n});",
              "err": {},
              "uuid": "cb702ff2-497c-4395-877c-4e61e4f2eae4",
              "parentUUID": "74de48ef-d937-4c69-8ce5-2705b2d48dbc",
              "isHook": false,
              "skipped": false
            }
          ],
          "suites": [],
          "passes": [
            "f7f629aa-5b35-4455-b156-2ee9e2bbe3bc",
            "cb702ff2-497c-4395-877c-4e61e4f2eae4"
          ],
          "failures": [
            "452d77f7-7c51-4ac1-bfa0-a79f1eb4d521",
            "2ca46275-326f-45c2-a9ca-31abce85078c",
            "d459f7ab-7e7c-4574-824d-8fd3faa2073e"
          ],
          "pending": [],
          "skipped": [],
          "duration": 58370,
          "root": false,
          "rootEmpty": false,
          "_timeout": 2000
        }
      ],
      "passes": [],
      "failures": [],
      "pending": [],
      "skipped": [],
      "duration": 0,
      "root": true,
      "rootEmpty": true,
      "_timeout": 2000
    },
    {
      "uuid": "b99fa211-2811-42df-a8a7-0389b4b42646",
      "title": "",
      "fullFile": "cypress\\integration\\Player\\progress_volume_bar.spec.js",
      "file": "cypress\\integration\\Player\\progress_volume_bar.spec.js",
      "beforeHooks": [],
      "afterHooks": [],
      "tests": [],
      "suites": [
        {
          "uuid": "c7427313-9ed5-4d7f-ac1e-f7b6e0d981e5",
          "title": "Progress/Volume Bars",
          "fullFile": "",
          "file": "",
          "beforeHooks": [],
          "afterHooks": [],
          "tests": [
            {
              "title": "progress Bar",
              "fullTitle": "Progress/Volume Bars progress Bar",
              "timedOut": null,
              "duration": 7854,
              "state": "failed",
              "speed": null,
              "pass": false,
              "fail": true,
              "pending": false,
              "context": null,
              "code": "cy.wait(1000);\ncy.get(\"[data-testid='\".concat(self.playerIds.progressBar, \"']\")).click().then(function () {\n  cy.get(\"[data-testid='\".concat(self.playerIds.currentTime, \"']\")).then(function (cTime) {\n    var pattern = /\\d{1}/g; //regular expression\n    var timeText = cTime.text();\n    var Time = pattern.exec(timeText);\n    pattern = /\\d{2}/g;\n    var Time2 = pattern.exec(timeText);\n    var currentTime = Time * 60 + Time2;\n    cy.get(\"[data-testid='\".concat(self.playerIds.totalTime, \"']\")).then(function (dTime) {\n      pattern = /\\d{1}/g; //regular expression\n      timeText = dTime.text();\n      Time = pattern.exec(timeText);\n      pattern = /\\d{2}/g;\n      Time2 = pattern.exec(timeText);\n      var durationTime = Time * 60 + Time2;\n      expect(parseInt(currentTime)).to.be.equal(parseInt(durationTime / 2));\n    });\n  });\n});",
              "err": {
                "message": "AssertionError: expected 0 to equal 12013",
                "estack": "AssertionError: expected 0 to equal 12013\n    at getRet (http://localhost:3000/__cypress/runner/cypress_runner.js:125261:16)\n    at tryCatcher (http://localhost:3000/__cypress/runner/cypress_runner.js:165465:23)\n    at Function.Promise.attempt.Promise.try (http://localhost:3000/__cypress/runner/cypress_runner.js:162740:29)\n    at Context.thenFn (http://localhost:3000/__cypress/runner/cypress_runner.js:125275:23)\n    at Context.then (http://localhost:3000/__cypress/runner/cypress_runner.js:125647:21)\n    at Context.<anonymous> (http://localhost:3000/__cypress/runner/cypress_runner.js:137585:21)\n    at http://localhost:3000/__cypress/runner/cypress_runner.js:137061:33\n    at tryCatcher (http://localhost:3000/__cypress/runner/cypress_runner.js:165465:23)\n    at Promise._settlePromiseFromHandler (http://localhost:3000/__cypress/runner/cypress_runner.js:163401:31)\n    at Promise._settlePromise (http://localhost:3000/__cypress/runner/cypress_runner.js:163458:18)\n    at Promise._settlePromiseCtx (http://localhost:3000/__cypress/runner/cypress_runner.js:163495:10)\n    at Async../node_modules/bluebird/js/release/async.js.Async._drainQueue (http://localhost:3000/__cypress/runner/cypress_runner.js:160195:12)\n    at Async../node_modules/bluebird/js/release/async.js.Async._drainQueues (http://localhost:3000/__cypress/runner/cypress_runner.js:160200:10)\n    at Async.drainQueues (http://localhost:3000/__cypress/runner/cypress_runner.js:160074:14)",
                "diff": null
              },
              "uuid": "537f5711-9b2a-46bf-a443-c0fa4c2be937",
              "parentUUID": "c7427313-9ed5-4d7f-ac1e-f7b6e0d981e5",
              "isHook": false,
              "skipped": false
            },
            {
              "title": "volumeButton",
              "fullTitle": "Progress/Volume Bars volumeButton",
              "timedOut": null,
              "duration": 1696,
              "state": "passed",
              "speed": "slow",
              "pass": true,
              "fail": false,
              "pending": false,
              "context": null,
              "code": "cy.wait(1000);\ncy.get(\"[data-testid='\".concat(self.playerIds.volume, \"']\")).click().then(function () {\n  //it has no unique id the volume bar\n  cy.xpath('//*[@id=\"volume-width\"]/div/div').should('have.attr', \"style\", 'width: 0%;');\n});\ncy.get(\"[data-testid='\".concat(self.playerIds.volume, \"']\")).click().then(function () {\n  //it has no unique id the volume bar\n  cy.xpath('//*[@id=\"volume-width\"]/div/div').should('not.have.attr', \"style\", 'width: 0%;');\n});",
              "err": {},
              "uuid": "c8d082cf-a48b-413d-bf4c-0abce2aab752",
              "parentUUID": "c7427313-9ed5-4d7f-ac1e-f7b6e0d981e5",
              "isHook": false,
              "skipped": false
            },
            {
              "title": "volume Bar",
              "fullTitle": "Progress/Volume Bars volume Bar",
              "timedOut": null,
              "duration": 4632,
              "state": "failed",
              "speed": null,
              "pass": false,
              "fail": true,
              "pending": false,
              "context": null,
              "code": "cy.get(\"[data-testid='\".concat(self.playerIds.volumeBar, \"']\")).click().then(function () {\n  cy.xpath('//*[@id=\"volume-width\"]/div/div').should('have.attr', \"style\", 'width: 50%;');\n});\ncy.get(\"[data-testid='\".concat(self.playerIds.volumeBar, \"']\")).click('right').then(function () {\n  cy.xpath('//*[@id=\"volume-width\"]/div/div').should('have.attr', \"style\", 'width: 100%;');\n});",
              "err": {
                "message": "CypressError: Timed out retrying: expected '<div.progress>' to have attribute 'style' with the value 'width: 50%;', but the value was 'width: 65%;'",
                "estack": "CypressError: Timed out retrying: expected '<div.progress>' to have attribute 'style' with the value 'width: 50%;', but the value was 'width: 65%;'\n    at cypressErr (http://localhost:3000/__cypress/runner/cypress_runner.js:138644:9)\n    at throwErr (http://localhost:3000/__cypress/runner/cypress_runner.js:138577:11)\n    at Object.throwErrByPath (http://localhost:3000/__cypress/runner/cypress_runner.js:138625:3)\n    at retry (http://localhost:3000/__cypress/runner/cypress_runner.js:132905:19)\n    at onFailFn (http://localhost:3000/__cypress/runner/cypress_runner.js:121122:16)\n    at tryCatcher (http://localhost:3000/__cypress/runner/cypress_runner.js:165465:23)\n    at Promise._settlePromiseFromHandler (http://localhost:3000/__cypress/runner/cypress_runner.js:163401:31)\n    at Promise._settlePromise (http://localhost:3000/__cypress/runner/cypress_runner.js:163458:18)\n    at Promise._settlePromise0 (http://localhost:3000/__cypress/runner/cypress_runner.js:163503:10)\n    at Promise._settlePromises (http://localhost:3000/__cypress/runner/cypress_runner.js:163578:18)\n    at Async../node_modules/bluebird/js/release/async.js.Async._drainQueue (http://localhost:3000/__cypress/runner/cypress_runner.js:160190:16)\n    at Async../node_modules/bluebird/js/release/async.js.Async._drainQueues (http://localhost:3000/__cypress/runner/cypress_runner.js:160200:10)\n    at Async.drainQueues (http://localhost:3000/__cypress/runner/cypress_runner.js:160074:14)",
                "diff": null
              },
              "uuid": "4251efe8-bcf8-4817-8879-c8ef7120fa65",
              "parentUUID": "c7427313-9ed5-4d7f-ac1e-f7b6e0d981e5",
              "isHook": false,
              "skipped": false
            }
          ],
          "suites": [],
          "passes": [
            "c8d082cf-a48b-413d-bf4c-0abce2aab752"
          ],
          "failures": [
            "537f5711-9b2a-46bf-a443-c0fa4c2be937",
            "4251efe8-bcf8-4817-8879-c8ef7120fa65"
          ],
          "pending": [],
          "skipped": [],
          "duration": 14182,
          "root": false,
          "rootEmpty": false,
          "_timeout": 2000
        }
      ],
      "passes": [],
      "failures": [],
      "pending": [],
      "skipped": [],
      "duration": 0,
      "root": true,
      "rootEmpty": true,
      "_timeout": 2000
    },
    {
      "uuid": "f10c68c4-56be-4e96-8145-6d5891d4a140",
      "title": "",
      "fullFile": "cypress\\integration\\Player\\queue.spec.js",
      "file": "cypress\\integration\\Player\\queue.spec.js",
      "beforeHooks": [],
      "afterHooks": [],
      "tests": [],
      "suites": [
        {
          "uuid": "57c003cd-e399-4ea8-a9b3-7b3caff8d3b4",
          "title": "Queue",
          "fullFile": "",
          "file": "",
          "beforeHooks": [],
          "afterHooks": [],
          "tests": [
            {
              "title": "Queue btn and play a track from it",
              "fullTitle": "Queue Queue btn and play a track from it",
              "timedOut": null,
              "duration": 12099,
              "state": "passed",
              "speed": "slow",
              "pass": true,
              "fail": false,
              "pending": false,
              "context": null,
              "code": "cy.get(\"[data-testid='\".concat(self.playerIds.queue, \"']\")).click().then(function (queue) {\n  cy.get('.track').should('be.visible');\n  cy.get('.close-btn').should('be.visible').click().then(function () {\n    cy.get('.track').should('not.be.visible');\n    queue.click();\n  });\n  cy.get(\"[data-testid='\".concat(self.playerIds.trackName, \"']\")).then(function (curentTrack) {\n    cy.get(\"[data-testid='\".concat(self.playerIds.totalTime, \"']\")).then(function (totalCurrentTime) {\n      var trackName = \"\";\n      var duration = \"\";\n      cy.get('a').contains('Story of a child').parents('.track').within(function (track) {\n        cy.get('.duration').within(function () {\n          cy.get('text').then(function (durationText) {\n            duration = durationText.text();\n          });\n        });\n        cy.get(\"[data-testid='\".concat(self.playerIds.queueTrack, \"']\")).within(function () {\n          cy.get('a').then(function (tName) {\n            trackName = tName.text();\n          });\n        });\n        cy.get(\"[data-testid='\".concat(self.playerIds.queuePlay, \"']\")).click({\n          force: true\n        }).then(function () {\n          var curentTrackName = curentTrack.text();\n          var currentTotalTime = totalCurrentTime.text();\n          expect(trackName).eq(curentTrackName);\n          expect(currentTotalTime).eq(duration);\n          cy.wait(5000).then(function () {\n            currentTotalTime = totalCurrentTime.text();\n            expect(currentTotalTime).eq(duration);\n          });\n        });\n      });\n    });\n  });\n});",
              "err": {},
              "uuid": "856d9c9f-c334-4cbd-b595-7e2e985e9d9e",
              "parentUUID": "57c003cd-e399-4ea8-a9b3-7b3caff8d3b4",
              "isHook": false,
              "skipped": false
            },
            {
              "title": "play another track from queue while playing",
              "fullTitle": "Queue play another track from queue while playing",
              "timedOut": null,
              "duration": 6100,
              "state": "failed",
              "speed": null,
              "pass": false,
              "fail": true,
              "pending": false,
              "context": null,
              "code": "cy.wait(5000).then(function () {\n  cy.get(\"[data-testid='\".concat(self.playerIds.currentTime, \"']\")).then(function (currentTime) {\n    cy.get('a').contains('Dorak gai').parents('.track').within(function (track) {\n      cy.get(\"[data-testid='\".concat(self.playerIds.queuePlay, \"']\")).click({\n        force: true\n      }).then(function () {\n        var timeText = currentTime.text();\n        expect(timeText).eq('0.01');\n      });\n    });\n  });\n});",
              "err": {
                "message": "AssertionError: expected '0.00' to equal '0.01'",
                "estack": "AssertionError: expected '0.00' to equal '0.01'\n    at getRet (http://localhost:3000/__cypress/runner/cypress_runner.js:125261:16)\n    at tryCatcher (http://localhost:3000/__cypress/runner/cypress_runner.js:165465:23)\n    at Function.Promise.attempt.Promise.try (http://localhost:3000/__cypress/runner/cypress_runner.js:162740:29)\n    at Context.thenFn (http://localhost:3000/__cypress/runner/cypress_runner.js:125275:23)\n    at Context.then (http://localhost:3000/__cypress/runner/cypress_runner.js:125647:21)\n    at Context.<anonymous> (http://localhost:3000/__cypress/runner/cypress_runner.js:137585:21)\n    at http://localhost:3000/__cypress/runner/cypress_runner.js:137061:33\n    at tryCatcher (http://localhost:3000/__cypress/runner/cypress_runner.js:165465:23)\n    at Promise._settlePromiseFromHandler (http://localhost:3000/__cypress/runner/cypress_runner.js:163401:31)\n    at Promise._settlePromise (http://localhost:3000/__cypress/runner/cypress_runner.js:163458:18)\n    at Promise._settlePromiseCtx (http://localhost:3000/__cypress/runner/cypress_runner.js:163495:10)\n    at Async../node_modules/bluebird/js/release/async.js.Async._drainQueue (http://localhost:3000/__cypress/runner/cypress_runner.js:160195:12)\n    at Async../node_modules/bluebird/js/release/async.js.Async._drainQueues (http://localhost:3000/__cypress/runner/cypress_runner.js:160200:10)\n    at Async.drainQueues (http://localhost:3000/__cypress/runner/cypress_runner.js:160074:14)",
                "diff": "- '0.00'\n+ '0.01'\n"
              },
              "uuid": "e8ca1f31-0031-4654-9a19-468118bfcca4",
              "parentUUID": "57c003cd-e399-4ea8-a9b3-7b3caff8d3b4",
              "isHook": false,
              "skipped": false
            },
            {
              "title": "delete From Queue",
              "fullTitle": "Queue delete From Queue",
              "timedOut": null,
              "duration": 4990,
              "state": "failed",
              "speed": null,
              "pass": false,
              "fail": true,
              "pending": false,
              "context": null,
              "code": "cy.get(\"[data-testid='\".concat(self.playerIds.queue, \"']\")).click();\ncy.get(\"[data-testid='\".concat(self.playerIds.deleteQueue, \"']\")).then(function (deleteButton) {\n  cy.get('a').contains('Dorak gai').parents('.track').within(function (track) {\n    cy.get(\"[data-testid='\".concat(self.playerIds.optionMenu, \"']\")).click({\n      force: true\n    }).then(function () {\n      deleteButton.click();\n    });\n  });\n  cy.get(\"[data-testid='\".concat(self.playerIds.queueTrack, \"']\")).should('not.have.text', 'Dorak gai'); //cy.get(`[data-testid='${self.playerIds.trackName}']`).should('not.have.text', 'Dorak gai');\n});",
              "err": {
                "message": "CypressError: Timed out retrying: Expected to find element: '.track', but never found it. Queried from element: <strong.track-name>",
                "estack": "CypressError: Timed out retrying: Expected to find element: '.track', but never found it. Queried from element: <strong.track-name>\n    at cypressErr (http://localhost:3000/__cypress/runner/cypress_runner.js:138644:9)\n    at throwErr (http://localhost:3000/__cypress/runner/cypress_runner.js:138577:11)\n    at Object.throwErrByPath (http://localhost:3000/__cypress/runner/cypress_runner.js:138625:3)\n    at retry (http://localhost:3000/__cypress/runner/cypress_runner.js:132905:19)\n    at onFailFn (http://localhost:3000/__cypress/runner/cypress_runner.js:121122:16)\n    at tryCatcher (http://localhost:3000/__cypress/runner/cypress_runner.js:165465:23)\n    at Promise._settlePromiseFromHandler (http://localhost:3000/__cypress/runner/cypress_runner.js:163401:31)\n    at Promise._settlePromise (http://localhost:3000/__cypress/runner/cypress_runner.js:163458:18)\n    at Promise._settlePromise0 (http://localhost:3000/__cypress/runner/cypress_runner.js:163503:10)\n    at Promise._settlePromises (http://localhost:3000/__cypress/runner/cypress_runner.js:163578:18)\n    at Async../node_modules/bluebird/js/release/async.js.Async._drainQueue (http://localhost:3000/__cypress/runner/cypress_runner.js:160190:16)\n    at Async../node_modules/bluebird/js/release/async.js.Async._drainQueues (http://localhost:3000/__cypress/runner/cypress_runner.js:160200:10)\n    at Async.drainQueues (http://localhost:3000/__cypress/runner/cypress_runner.js:160074:14)",
                "diff": null
              },
              "uuid": "f461bc30-207e-4e32-ba16-c78dc7b287a5",
              "parentUUID": "57c003cd-e399-4ea8-a9b3-7b3caff8d3b4",
              "isHook": false,
              "skipped": false
            },
            {
              "title": "click on the name of the track",
              "fullTitle": "Queue click on the name of the track",
              "timedOut": null,
              "duration": 2339,
              "state": "failed",
              "speed": null,
              "pass": false,
              "fail": true,
              "pending": false,
              "context": null,
              "code": "cy.get('a').contains('Story of a child').click({\n  force: true\n}).then(function () {\n  cy.get(\"[data-testid='\".concat(self.playerIds.trackName, \"']\")).should('have.text', 'Story of a child');\n});",
              "err": {
                "message": "CypressError: Cypress detected a cross origin error happened on page load:\n\n  > Blocked a frame with origin \"http://localhost:3000\" from accessing a cross-origin frame.\n\nBefore the page load, you were bound to the origin policy:\n\n  > http://localhost:3000\n\nA cross origin error happens when your application navigates to a new URL which does not match the origin policy above.\n\nA new URL does not match the origin policy if the 'protocol', 'port' (if specified), and/or 'host' (unless of the same superdomain) are different.\n\nCypress does not allow you to navigate to a different origin URL within a single test.\n\nYou may need to restructure some of your test code to avoid this problem.\n\nAlternatively you can also disable Chrome Web Security in Chromium-based browsers which will turn off this restriction by setting { chromeWebSecurity: false } in 'cypress.json'.\n\nhttps://on.cypress.io/cross-origin-violation\n",
                "estack": "CypressError: Cypress detected a cross origin error happened on page load:\n\n  > Blocked a frame with origin \"http://localhost:3000\" from accessing a cross-origin frame.\n\nBefore the page load, you were bound to the origin policy:\n\n  > http://localhost:3000\n\nA cross origin error happens when your application navigates to a new URL which does not match the origin policy above.\n\nA new URL does not match the origin policy if the 'protocol', 'port' (if specified), and/or 'host' (unless of the same superdomain) are different.\n\nCypress does not allow you to navigate to a different origin URL within a single test.\n\nYou may need to restructure some of your test code to avoid this problem.\n\nAlternatively you can also disable Chrome Web Security in Chromium-based browsers which will turn off this restriction by setting { chromeWebSecurity: false } in 'cypress.json'.\n\nhttps://on.cypress.io/cross-origin-violation\n\n    at cypressErr (http://localhost:3000/__cypress/runner/cypress_runner.js:138644:9)\n    at throwErr (http://localhost:3000/__cypress/runner/cypress_runner.js:138577:11)\n    at Object.throwErrByPath (http://localhost:3000/__cypress/runner/cypress_runner.js:138625:3)\n    at onPageLoadErr (http://localhost:3000/__cypress/runner/cypress_runner.js:126952:24)\n    at HTMLIFrameElement.<anonymous> (http://localhost:3000/__cypress/runner/cypress_runner.js:137510:17)\n    at HTMLIFrameElement.dispatch (http://localhost:3000/__cypress/runner/cypress_runner.js:68020:27)\n    at HTMLIFrameElement.elemData.handle (http://localhost:3000/__cypress/runner/cypress_runner.js:67828:28)",
                "diff": null
              },
              "uuid": "385a4de9-2723-43dc-a988-8943f45468d6",
              "parentUUID": "57c003cd-e399-4ea8-a9b3-7b3caff8d3b4",
              "isHook": false,
              "skipped": false
            }
          ],
          "suites": [],
          "passes": [
            "856d9c9f-c334-4cbd-b595-7e2e985e9d9e"
          ],
          "failures": [
            "e8ca1f31-0031-4654-9a19-468118bfcca4",
            "f461bc30-207e-4e32-ba16-c78dc7b287a5",
            "385a4de9-2723-43dc-a988-8943f45468d6"
          ],
          "pending": [],
          "skipped": [],
          "duration": 25528,
          "root": false,
          "rootEmpty": false,
          "_timeout": 2000
        }
      ],
      "passes": [],
      "failures": [],
      "pending": [],
      "skipped": [],
      "duration": 0,
      "root": true,
      "rootEmpty": true,
      "_timeout": 2000
    },
    {
      "uuid": "8323fee6-18bb-49af-914a-90145cf14762",
      "title": "",
      "fullFile": "cypress\\integration\\Player\\shuffle_repeate.spec.js",
      "file": "cypress\\integration\\Player\\shuffle_repeate.spec.js",
      "beforeHooks": [],
      "afterHooks": [],
      "tests": [],
      "suites": [
        {
          "uuid": "daf64224-35f5-444f-a9ac-10f5d85097aa",
          "title": "Shuffle/Repeat",
          "fullFile": "",
          "file": "",
          "beforeHooks": [],
          "afterHooks": [],
          "tests": [
            {
              "title": "shuffle Button",
              "fullTitle": "Shuffle/Repeat shuffle Button",
              "timedOut": null,
              "duration": 6292,
              "state": "failed",
              "speed": null,
              "pass": false,
              "fail": true,
              "pending": false,
              "context": null,
              "code": "cy.wait(1000);\ncy.get(\"[data-testid='\".concat(self.playerIds.shuffle, \"']\")).click().then(function (shuffle) {\n  cy.get(\"[data-testid='\".concat(self.playerIds.trackName, \"']\")).then(function (trackName) {\n    var oldName = trackName.text();\n    var tName = oldName;\n    var nextTrackName = \"\";\n    cy.get(\"[data-testid='\".concat(self.playerIds.queueTrack, \"']\")).contains(tName).parents('.track').next().within(function () {\n      cy.get(\"[data-testid='\".concat(self.playerIds.queueTrack, \"']\")).within(function () {\n        cy.get('a').then(function (nextTrack) {\n          nextTrackName = nextTrack.text();\n        });\n      });\n    });\n    cy.get(\"[data-testid='\".concat(self.playerIds.next, \"']\")).click().then(function () {\n      cy.wait(1000).then(function () {\n        tName = trackName.text();\n        expect(tName).not.eq(nextTrackName);\n        shuffle.click();\n      });\n    });\n  });\n});",
              "err": {
                "message": "AssertionError: expected 'ارضي علينا يا لميمة' to not equal 'ارضي علينا يا لميمة'",
                "estack": "AssertionError: expected 'ارضي علينا يا لميمة' to not equal 'ارضي علينا يا لميمة'\n    at getRet (http://localhost:3000/__cypress/runner/cypress_runner.js:125261:16)\n    at tryCatcher (http://localhost:3000/__cypress/runner/cypress_runner.js:165465:23)\n    at Function.Promise.attempt.Promise.try (http://localhost:3000/__cypress/runner/cypress_runner.js:162740:29)\n    at Context.thenFn (http://localhost:3000/__cypress/runner/cypress_runner.js:125275:23)\n    at Context.then (http://localhost:3000/__cypress/runner/cypress_runner.js:125647:21)\n    at Context.<anonymous> (http://localhost:3000/__cypress/runner/cypress_runner.js:137585:21)\n    at http://localhost:3000/__cypress/runner/cypress_runner.js:137061:33\n    at tryCatcher (http://localhost:3000/__cypress/runner/cypress_runner.js:165465:23)\n    at Promise._settlePromiseFromHandler (http://localhost:3000/__cypress/runner/cypress_runner.js:163401:31)\n    at Promise._settlePromise (http://localhost:3000/__cypress/runner/cypress_runner.js:163458:18)\n    at Promise._settlePromiseCtx (http://localhost:3000/__cypress/runner/cypress_runner.js:163495:10)\n    at Async../node_modules/bluebird/js/release/async.js.Async._drainQueue (http://localhost:3000/__cypress/runner/cypress_runner.js:160195:12)\n    at Async../node_modules/bluebird/js/release/async.js.Async._drainQueues (http://localhost:3000/__cypress/runner/cypress_runner.js:160200:10)\n    at Async.drainQueues (http://localhost:3000/__cypress/runner/cypress_runner.js:160074:14)",
                "diff": ""
              },
              "uuid": "eb74b52c-4a93-4c64-98ce-e6b32ae48a9d",
              "parentUUID": "daf64224-35f5-444f-a9ac-10f5d85097aa",
              "isHook": false,
              "skipped": false
            },
            {
              "title": "repeate Button",
              "fullTitle": "Shuffle/Repeat repeate Button",
              "timedOut": null,
              "duration": 11920,
              "state": "passed",
              "speed": "slow",
              "pass": true,
              "fail": false,
              "pending": false,
              "context": null,
              "code": "cy.wait(1000);\ncy.get(\"[data-testid='\".concat(self.playerIds.repeate, \"']\")).click().then(function (repeate) {\n  cy.get(\"[data-testid='\".concat(self.playerIds.trackName, \"']\")).then(function (trackName) {\n    var tName = trackName.text();\n    cy.get(\"[data-testid='\".concat(self.playerIds.progressBar, \"']\")).click('right').then(function () {\n      //wait till the end of the track\n      cy.wait(5000).then(function () {\n        var nName = trackName.text();\n        expect(tName).eq(nName);\n      });\n    });\n    cy.log('Do it once more to make sure'); // do it once More\n    cy.get(\"[data-testid='\".concat(self.playerIds.progressBar, \"']\")).click('right').then(function () {\n      //wait till the end of the track\n      cy.wait(5000).then(function () {\n        var nName = trackName.text();\n        expect(tName).eq(nName);\n        repeate.click();\n      });\n    });\n  });\n});",
              "err": {},
              "uuid": "5a3c26c9-5a12-456e-a6d1-b31b194a9a8c",
              "parentUUID": "daf64224-35f5-444f-a9ac-10f5d85097aa",
              "isHook": false,
              "skipped": false
            }
          ],
          "suites": [],
          "passes": [
            "5a3c26c9-5a12-456e-a6d1-b31b194a9a8c"
          ],
          "failures": [
            "eb74b52c-4a93-4c64-98ce-e6b32ae48a9d"
          ],
          "pending": [],
          "skipped": [],
          "duration": 18212,
          "root": false,
          "rootEmpty": false,
          "_timeout": 2000
        }
      ],
      "passes": [],
      "failures": [],
      "pending": [],
      "skipped": [],
      "duration": 0,
      "root": true,
      "rootEmpty": true,
      "_timeout": 2000
    },
    {
      "uuid": "1fd1841c-8ecf-447d-8846-179b4777965f",
      "title": "",
      "fullFile": "cypress\\integration\\user\\login.spec.js",
      "file": "cypress\\integration\\user\\login.spec.js",
      "beforeHooks": [],
      "afterHooks": [],
      "tests": [],
      "suites": [
        {
          "uuid": "d70018d9-a943-43f2-8e65-40db1200a847",
          "title": "Logging In",
          "fullFile": "",
          "file": "",
          "beforeHooks": [],
          "afterHooks": [],
          "tests": [
            {
              "title": "greets with Sign in",
              "fullTitle": "Logging In greets with Sign in",
              "timedOut": null,
              "duration": 8164,
              "state": "failed",
              "speed": null,
              "pass": false,
              "fail": true,
              "pending": false,
              "context": null,
              "code": "cy.get(\"#login-to-continue\").should(\"contain\", \"To continue, log in to Spotify.\");",
              "err": {
                "message": "CypressError: Timed out retrying: Expected to find element: '#login-to-continue', but never found it.",
                "estack": "CypressError: Timed out retrying: Expected to find element: '#login-to-continue', but never found it.\n    at cypressErr (http://localhost:3000/__cypress/runner/cypress_runner.js:138644:9)\n    at throwErr (http://localhost:3000/__cypress/runner/cypress_runner.js:138577:11)\n    at Object.throwErrByPath (http://localhost:3000/__cypress/runner/cypress_runner.js:138625:3)\n    at retry (http://localhost:3000/__cypress/runner/cypress_runner.js:132905:19)\n    at onFailFn (http://localhost:3000/__cypress/runner/cypress_runner.js:121122:16)\n    at tryCatcher (http://localhost:3000/__cypress/runner/cypress_runner.js:165465:23)\n    at Promise._settlePromiseFromHandler (http://localhost:3000/__cypress/runner/cypress_runner.js:163401:31)\n    at Promise._settlePromise (http://localhost:3000/__cypress/runner/cypress_runner.js:163458:18)\n    at Promise._settlePromise0 (http://localhost:3000/__cypress/runner/cypress_runner.js:163503:10)\n    at Promise._settlePromises (http://localhost:3000/__cypress/runner/cypress_runner.js:163578:18)\n    at Async../node_modules/bluebird/js/release/async.js.Async._drainQueue (http://localhost:3000/__cypress/runner/cypress_runner.js:160190:16)\n    at Async../node_modules/bluebird/js/release/async.js.Async._drainQueues (http://localhost:3000/__cypress/runner/cypress_runner.js:160200:10)\n    at Async.drainQueues (http://localhost:3000/__cypress/runner/cypress_runner.js:160074:14)",
                "diff": null
              },
              "uuid": "965c8ff9-4d0f-4161-ad95-3a8606864e42",
              "parentUUID": "d70018d9-a943-43f2-8e65-40db1200a847",
              "isHook": false,
              "skipped": false
            },
            {
              "title": "requires Email",
              "fullTitle": "Logging In requires Email",
              "timedOut": null,
              "duration": 5180,
              "state": "failed",
              "speed": null,
              "pass": false,
              "fail": true,
              "pending": false,
              "context": null,
              "code": "cy.get(\"#\".concat(self.loginIds.button)).click();\ncy.get(\"\".concat(self.loginIds.requiresEmail)).should(\"contain\", \"\".concat(self.loginData.requiresEmail));",
              "err": {
                "message": "CypressError: Timed out retrying: Expected to find element: '#login-button', but never found it.",
                "estack": "CypressError: Timed out retrying: Expected to find element: '#login-button', but never found it.\n    at cypressErr (http://localhost:3000/__cypress/runner/cypress_runner.js:138644:9)\n    at throwErr (http://localhost:3000/__cypress/runner/cypress_runner.js:138577:11)\n    at Object.throwErrByPath (http://localhost:3000/__cypress/runner/cypress_runner.js:138625:3)\n    at retry (http://localhost:3000/__cypress/runner/cypress_runner.js:132905:19)\n    at onFailFn (http://localhost:3000/__cypress/runner/cypress_runner.js:121122:16)\n    at tryCatcher (http://localhost:3000/__cypress/runner/cypress_runner.js:165465:23)\n    at Promise._settlePromiseFromHandler (http://localhost:3000/__cypress/runner/cypress_runner.js:163401:31)\n    at Promise._settlePromise (http://localhost:3000/__cypress/runner/cypress_runner.js:163458:18)\n    at Promise._settlePromise0 (http://localhost:3000/__cypress/runner/cypress_runner.js:163503:10)\n    at Promise._settlePromises (http://localhost:3000/__cypress/runner/cypress_runner.js:163578:18)\n    at Async../node_modules/bluebird/js/release/async.js.Async._drainQueue (http://localhost:3000/__cypress/runner/cypress_runner.js:160190:16)\n    at Async../node_modules/bluebird/js/release/async.js.Async._drainQueues (http://localhost:3000/__cypress/runner/cypress_runner.js:160200:10)\n    at Async.drainQueues (http://localhost:3000/__cypress/runner/cypress_runner.js:160074:14)",
                "diff": null
              },
              "uuid": "b922ee9d-8e45-4ca2-838e-fe994a48b08d",
              "parentUUID": "d70018d9-a943-43f2-8e65-40db1200a847",
              "isHook": false,
              "skipped": false
            },
            {
              "title": "requires Password",
              "fullTitle": "Logging In requires Password",
              "timedOut": null,
              "duration": 5694,
              "state": "failed",
              "speed": null,
              "pass": false,
              "fail": true,
              "pending": false,
              "context": null,
              "code": "cy.get(\"#\".concat(self.loginIds.button)).click();\ncy.get(\"\".concat(self.loginIds.requiresPassword)).should(\"contain\", \"\".concat(self.loginData.requiresPassword));",
              "err": {
                "message": "CypressError: Timed out retrying: Expected to find element: '#login-button', but never found it.",
                "estack": "CypressError: Timed out retrying: Expected to find element: '#login-button', but never found it.\n    at cypressErr (http://localhost:3000/__cypress/runner/cypress_runner.js:138644:9)\n    at throwErr (http://localhost:3000/__cypress/runner/cypress_runner.js:138577:11)\n    at Object.throwErrByPath (http://localhost:3000/__cypress/runner/cypress_runner.js:138625:3)\n    at retry (http://localhost:3000/__cypress/runner/cypress_runner.js:132905:19)\n    at onFailFn (http://localhost:3000/__cypress/runner/cypress_runner.js:121122:16)\n    at tryCatcher (http://localhost:3000/__cypress/runner/cypress_runner.js:165465:23)\n    at Promise._settlePromiseFromHandler (http://localhost:3000/__cypress/runner/cypress_runner.js:163401:31)\n    at Promise._settlePromise (http://localhost:3000/__cypress/runner/cypress_runner.js:163458:18)\n    at Promise._settlePromise0 (http://localhost:3000/__cypress/runner/cypress_runner.js:163503:10)\n    at Promise._settlePromises (http://localhost:3000/__cypress/runner/cypress_runner.js:163578:18)\n    at Async../node_modules/bluebird/js/release/async.js.Async._drainQueue (http://localhost:3000/__cypress/runner/cypress_runner.js:160190:16)\n    at Async../node_modules/bluebird/js/release/async.js.Async._drainQueues (http://localhost:3000/__cypress/runner/cypress_runner.js:160200:10)\n    at Async.drainQueues (http://localhost:3000/__cypress/runner/cypress_runner.js:160074:14)",
                "diff": null
              },
              "uuid": "56c195c5-312f-455c-a85e-b0993cff122d",
              "parentUUID": "d70018d9-a943-43f2-8e65-40db1200a847",
              "isHook": false,
              "skipped": false
            },
            {
              "title": "requires valid Email ans Password",
              "fullTitle": "Logging In requires valid Email ans Password",
              "timedOut": null,
              "duration": 5287,
              "state": "failed",
              "speed": null,
              "pass": false,
              "fail": true,
              "pending": false,
              "context": null,
              "code": "cy.get(\"#\".concat(self.loginIds.email)).type(\"oud\");\ncy.get(\"#\".concat(self.loginIds.password)).type(\"oud\");\ncy.get(\"#\".concat(self.loginIds.button)).click();\ncy.get(\"\".concat(self.loginIds.requiresBoth)).should(\"contain\", \"\".concat(self.loginData.requiresBoth));",
              "err": {
                "message": "CypressError: Timed out retrying: Expected to find element: '#login-username', but never found it.",
                "estack": "CypressError: Timed out retrying: Expected to find element: '#login-username', but never found it.\n    at cypressErr (http://localhost:3000/__cypress/runner/cypress_runner.js:138644:9)\n    at throwErr (http://localhost:3000/__cypress/runner/cypress_runner.js:138577:11)\n    at Object.throwErrByPath (http://localhost:3000/__cypress/runner/cypress_runner.js:138625:3)\n    at retry (http://localhost:3000/__cypress/runner/cypress_runner.js:132905:19)\n    at onFailFn (http://localhost:3000/__cypress/runner/cypress_runner.js:121122:16)\n    at tryCatcher (http://localhost:3000/__cypress/runner/cypress_runner.js:165465:23)\n    at Promise._settlePromiseFromHandler (http://localhost:3000/__cypress/runner/cypress_runner.js:163401:31)\n    at Promise._settlePromise (http://localhost:3000/__cypress/runner/cypress_runner.js:163458:18)\n    at Promise._settlePromise0 (http://localhost:3000/__cypress/runner/cypress_runner.js:163503:10)\n    at Promise._settlePromises (http://localhost:3000/__cypress/runner/cypress_runner.js:163578:18)\n    at Async../node_modules/bluebird/js/release/async.js.Async._drainQueue (http://localhost:3000/__cypress/runner/cypress_runner.js:160190:16)\n    at Async../node_modules/bluebird/js/release/async.js.Async._drainQueues (http://localhost:3000/__cypress/runner/cypress_runner.js:160200:10)\n    at Async.drainQueues (http://localhost:3000/__cypress/runner/cypress_runner.js:160074:14)",
                "diff": null
              },
              "uuid": "4676c741-c94a-448f-b27c-3b21beb512a0",
              "parentUUID": "d70018d9-a943-43f2-8e65-40db1200a847",
              "isHook": false,
              "skipped": false
            },
            {
              "title": "link to Sign up",
              "fullTitle": "Logging In link to Sign up",
              "timedOut": null,
              "duration": 982,
              "state": "failed",
              "speed": null,
              "pass": false,
              "fail": true,
              "pending": false,
              "context": null,
              "code": "cy.get(\"#\".concat(signUpLink)).click();\ncy.url().should(\"contain\", \"signup\");",
              "err": {
                "message": "ReferenceError: signUpLink is not defined",
                "estack": "ReferenceError: signUpLink is not defined\n    at Context.<anonymous> (http://localhost:3000/__cypress/tests?p=cypress\\integration\\user\\login.spec.js-269:35:23)",
                "diff": null
              },
              "uuid": "454f4874-568b-44b6-b4be-9c0d31e4cc02",
              "parentUUID": "d70018d9-a943-43f2-8e65-40db1200a847",
              "isHook": false,
              "skipped": false
            },
            {
              "title": "Successful login",
              "fullTitle": "Logging In Successful login",
              "timedOut": null,
              "duration": 4493,
              "state": "failed",
              "speed": null,
              "pass": false,
              "fail": true,
              "pending": false,
              "context": null,
              "code": "cy.login();",
              "err": {
                "message": "CypressError: Timed out retrying: Expected to find element: '#login-username', but never found it.",
                "estack": "CypressError: Timed out retrying: Expected to find element: '#login-username', but never found it.\n    at cypressErr (http://localhost:3000/__cypress/runner/cypress_runner.js:138644:9)\n    at throwErr (http://localhost:3000/__cypress/runner/cypress_runner.js:138577:11)\n    at Object.throwErrByPath (http://localhost:3000/__cypress/runner/cypress_runner.js:138625:3)\n    at retry (http://localhost:3000/__cypress/runner/cypress_runner.js:132905:19)\n    at onFailFn (http://localhost:3000/__cypress/runner/cypress_runner.js:121122:16)\n    at tryCatcher (http://localhost:3000/__cypress/runner/cypress_runner.js:165465:23)\n    at Promise._settlePromiseFromHandler (http://localhost:3000/__cypress/runner/cypress_runner.js:163401:31)\n    at Promise._settlePromise (http://localhost:3000/__cypress/runner/cypress_runner.js:163458:18)\n    at Promise._settlePromise0 (http://localhost:3000/__cypress/runner/cypress_runner.js:163503:10)\n    at Promise._settlePromises (http://localhost:3000/__cypress/runner/cypress_runner.js:163578:18)\n    at Async../node_modules/bluebird/js/release/async.js.Async._drainQueue (http://localhost:3000/__cypress/runner/cypress_runner.js:160190:16)\n    at Async../node_modules/bluebird/js/release/async.js.Async._drainQueues (http://localhost:3000/__cypress/runner/cypress_runner.js:160200:10)\n    at Async.drainQueues (http://localhost:3000/__cypress/runner/cypress_runner.js:160074:14)",
                "diff": null
              },
              "uuid": "99d51fa6-cb90-4e6a-9c6a-42cb07a5801a",
              "parentUUID": "d70018d9-a943-43f2-8e65-40db1200a847",
              "isHook": false,
              "skipped": false
            }
          ],
          "suites": [],
          "passes": [],
          "failures": [
            "965c8ff9-4d0f-4161-ad95-3a8606864e42",
            "b922ee9d-8e45-4ca2-838e-fe994a48b08d",
            "56c195c5-312f-455c-a85e-b0993cff122d",
            "4676c741-c94a-448f-b27c-3b21beb512a0",
            "454f4874-568b-44b6-b4be-9c0d31e4cc02",
            "99d51fa6-cb90-4e6a-9c6a-42cb07a5801a"
          ],
          "pending": [],
          "skipped": [],
          "duration": 29800,
          "root": false,
          "rootEmpty": false,
          "_timeout": 2000
        }
      ],
      "passes": [],
      "failures": [],
      "pending": [],
      "skipped": [],
      "duration": 0,
      "root": true,
      "rootEmpty": true,
      "_timeout": 2000
    },
    {
      "uuid": "1c188590-c50b-4a7a-b6bd-e5c08481ddae",
      "title": "",
      "fullFile": "cypress\\integration\\Account\\OudAccount.js",
      "file": "cypress\\integration\\Account\\OudAccount.js",
      "beforeHooks": [],
      "afterHooks": [],
      "tests": [],
      "suites": [
        {
          "uuid": "b3be337d-ed7f-4d61-88d7-9a644f76cee8",
          "title": "Checking all the features in the account ",
          "fullFile": "",
          "file": "",
          "beforeHooks": [],
          "afterHooks": [],
          "tests": [
            {
              "title": " Routes",
              "fullTitle": "Checking all the features in the account   Routes",
              "timedOut": null,
              "duration": 23941,
              "state": "failed",
              "speed": null,
              "pass": false,
              "fail": true,
              "pending": false,
              "context": null,
              "code": "cy.CheckRoutes();",
              "err": {
                "message": "CypressError: `cy.visit()` failed trying to load:\n\nhttp://localhost:3000/Account\n\nWe attempted to make an http request to this URL but the request failed without a response.\n\nWe received this error at the network level:\n\n  > Error: connect ECONNREFUSED 127.0.0.1:3000\n\nCommon situations why this would fail:\n  - you don't have internet access\n  - you forgot to run / boot your web server\n  - your web server isn't accessible\n  - you have weird network configuration settings on your computer\n\nThe stack trace for this error is:\n\nError: connect ECONNREFUSED 127.0.0.1:3000\n    at TCPConnectWrap.afterConnect [as oncomplete] (net.js:1128:14)\n",
                "estack": "CypressError: `cy.visit()` failed trying to load:\n\nhttp://localhost:3000/Account\n\nWe attempted to make an http request to this URL but the request failed without a response.\n\nWe received this error at the network level:\n\n  > Error: connect ECONNREFUSED 127.0.0.1:3000\n\nCommon situations why this would fail:\n  - you don't have internet access\n  - you forgot to run / boot your web server\n  - your web server isn't accessible\n  - you have weird network configuration settings on your computer\n\nThe stack trace for this error is:\n\nError: connect ECONNREFUSED 127.0.0.1:3000\n    at TCPConnectWrap.afterConnect [as oncomplete] (net.js:1128:14)\n\n",
                "diff": null
              },
              "uuid": "0713f8d3-cf08-40f6-b0fd-3b2e28cbcbc0",
              "parentUUID": "b3be337d-ed7f-4d61-88d7-9a644f76cee8",
              "isHook": false,
              "skipped": false
            },
            {
              "title": "Check the Validation in the box",
              "fullTitle": "Checking all the features in the account  Check the Validation in the box",
              "timedOut": null,
              "duration": 13126,
              "state": "failed",
              "speed": null,
              "pass": false,
              "fail": true,
              "pending": false,
              "context": null,
              "code": "cy.OudCheck_The_Box();",
              "err": {
                "message": "CypressError: `cy.visit()` failed trying to load:\n\nhttp://localhost:3000/account/editProfile\n\nWe attempted to make an http request to this URL but the request failed without a response.\n\nWe received this error at the network level:\n\n  > Error: connect ECONNREFUSED 127.0.0.1:3000\n\nCommon situations why this would fail:\n  - you don't have internet access\n  - you forgot to run / boot your web server\n  - your web server isn't accessible\n  - you have weird network configuration settings on your computer\n\nThe stack trace for this error is:\n\nError: connect ECONNREFUSED 127.0.0.1:3000\n    at TCPConnectWrap.afterConnect [as oncomplete] (net.js:1128:14)\n",
                "estack": "CypressError: `cy.visit()` failed trying to load:\n\nhttp://localhost:3000/account/editProfile\n\nWe attempted to make an http request to this URL but the request failed without a response.\n\nWe received this error at the network level:\n\n  > Error: connect ECONNREFUSED 127.0.0.1:3000\n\nCommon situations why this would fail:\n  - you don't have internet access\n  - you forgot to run / boot your web server\n  - your web server isn't accessible\n  - you have weird network configuration settings on your computer\n\nThe stack trace for this error is:\n\nError: connect ECONNREFUSED 127.0.0.1:3000\n    at TCPConnectWrap.afterConnect [as oncomplete] (net.js:1128:14)\n\n",
                "diff": null
              },
              "uuid": "a7b1ba86-1aa7-464c-87e6-7074ac46b2ff",
              "parentUUID": "b3be337d-ed7f-4d61-88d7-9a644f76cee8",
              "isHook": false,
              "skipped": false
            },
            {
              "title": " Access the list && checking the routes",
              "fullTitle": "Checking all the features in the account   Access the list && checking the routes",
              "timedOut": null,
              "duration": 10932,
              "state": "failed",
              "speed": null,
              "pass": false,
              "fail": true,
              "pending": false,
              "context": null,
              "code": "cy.CheckOudaccountoverview();",
              "err": {
                "message": "CypressError: `cy.visit()` failed trying to load:\n\nhttp://localhost:3000/Account\n\nWe attempted to make an http request to this URL but the request failed without a response.\n\nWe received this error at the network level:\n\n  > Error: connect ECONNREFUSED 127.0.0.1:3000\n\nCommon situations why this would fail:\n  - you don't have internet access\n  - you forgot to run / boot your web server\n  - your web server isn't accessible\n  - you have weird network configuration settings on your computer\n\nThe stack trace for this error is:\n\nError: connect ECONNREFUSED 127.0.0.1:3000\n    at TCPConnectWrap.afterConnect [as oncomplete] (net.js:1128:14)\n",
                "estack": "CypressError: `cy.visit()` failed trying to load:\n\nhttp://localhost:3000/Account\n\nWe attempted to make an http request to this URL but the request failed without a response.\n\nWe received this error at the network level:\n\n  > Error: connect ECONNREFUSED 127.0.0.1:3000\n\nCommon situations why this would fail:\n  - you don't have internet access\n  - you forgot to run / boot your web server\n  - your web server isn't accessible\n  - you have weird network configuration settings on your computer\n\nThe stack trace for this error is:\n\nError: connect ECONNREFUSED 127.0.0.1:3000\n    at TCPConnectWrap.afterConnect [as oncomplete] (net.js:1128:14)\n\n",
                "diff": null
              },
              "uuid": "16b4c992-b7df-4f3e-b222-825d8dfd36ba",
              "parentUUID": "b3be337d-ed7f-4d61-88d7-9a644f76cee8",
              "isHook": false,
              "skipped": false
            },
            {
              "title": "check Email is token",
              "fullTitle": "Checking all the features in the account  check Email is token",
              "timedOut": null,
              "duration": 39,
              "state": "passed",
              "speed": "medium",
              "pass": true,
              "fail": false,
              "pending": false,
              "context": null,
              "code": "",
              "err": {},
              "uuid": "0dc78206-1763-4a38-bb15-2032fdab6ef5",
              "parentUUID": "b3be337d-ed7f-4d61-88d7-9a644f76cee8",
              "isHook": false,
              "skipped": false
            },
            {
              "title": "Check the Validation in the box for some pattern like  123@gmail.-a ",
              "fullTitle": "Checking all the features in the account  Check the Validation in the box for some pattern like  123@gmail.-a ",
              "timedOut": null,
              "duration": 10911,
              "state": "failed",
              "speed": null,
              "pass": false,
              "fail": true,
              "pending": false,
              "context": null,
              "code": "cy.CheckInvalidPatterns(1);",
              "err": {
                "message": "CypressError: `cy.visit()` failed trying to load:\n\nhttp://localhost:3000/Account\n\nWe attempted to make an http request to this URL but the request failed without a response.\n\nWe received this error at the network level:\n\n  > Error: connect ECONNREFUSED 127.0.0.1:3000\n\nCommon situations why this would fail:\n  - you don't have internet access\n  - you forgot to run / boot your web server\n  - your web server isn't accessible\n  - you have weird network configuration settings on your computer\n\nThe stack trace for this error is:\n\nError: connect ECONNREFUSED 127.0.0.1:3000\n    at TCPConnectWrap.afterConnect [as oncomplete] (net.js:1128:14)\n",
                "estack": "CypressError: `cy.visit()` failed trying to load:\n\nhttp://localhost:3000/Account\n\nWe attempted to make an http request to this URL but the request failed without a response.\n\nWe received this error at the network level:\n\n  > Error: connect ECONNREFUSED 127.0.0.1:3000\n\nCommon situations why this would fail:\n  - you don't have internet access\n  - you forgot to run / boot your web server\n  - your web server isn't accessible\n  - you have weird network configuration settings on your computer\n\nThe stack trace for this error is:\n\nError: connect ECONNREFUSED 127.0.0.1:3000\n    at TCPConnectWrap.afterConnect [as oncomplete] (net.js:1128:14)\n\n",
                "diff": null
              },
              "uuid": "074f96d0-322c-4df0-9842-8392e2112eff",
              "parentUUID": "b3be337d-ed7f-4d61-88d7-9a644f76cee8",
              "isHook": false,
              "skipped": false
            },
            {
              "title": "Check the Validation in the box for some pattern like 123@gmail.a-",
              "fullTitle": "Checking all the features in the account  Check the Validation in the box for some pattern like 123@gmail.a-",
              "timedOut": null,
              "duration": 10889,
              "state": "failed",
              "speed": null,
              "pass": false,
              "fail": true,
              "pending": false,
              "context": null,
              "code": "cy.CheckInvalidPatterns(2);",
              "err": {
                "message": "CypressError: `cy.visit()` failed trying to load:\n\nhttp://localhost:3000/Account\n\nWe attempted to make an http request to this URL but the request failed without a response.\n\nWe received this error at the network level:\n\n  > Error: connect ECONNREFUSED 127.0.0.1:3000\n\nCommon situations why this would fail:\n  - you don't have internet access\n  - you forgot to run / boot your web server\n  - your web server isn't accessible\n  - you have weird network configuration settings on your computer\n\nThe stack trace for this error is:\n\nError: connect ECONNREFUSED 127.0.0.1:3000\n    at TCPConnectWrap.afterConnect [as oncomplete] (net.js:1128:14)\n",
                "estack": "CypressError: `cy.visit()` failed trying to load:\n\nhttp://localhost:3000/Account\n\nWe attempted to make an http request to this URL but the request failed without a response.\n\nWe received this error at the network level:\n\n  > Error: connect ECONNREFUSED 127.0.0.1:3000\n\nCommon situations why this would fail:\n  - you don't have internet access\n  - you forgot to run / boot your web server\n  - your web server isn't accessible\n  - you have weird network configuration settings on your computer\n\nThe stack trace for this error is:\n\nError: connect ECONNREFUSED 127.0.0.1:3000\n    at TCPConnectWrap.afterConnect [as oncomplete] (net.js:1128:14)\n\n",
                "diff": null
              },
              "uuid": "5eed7c78-3d03-4ffe-940e-c9247043f6a5",
              "parentUUID": "b3be337d-ed7f-4d61-88d7-9a644f76cee8",
              "isHook": false,
              "skipped": false
            },
            {
              "title": "Check the Validation in the box for some pattern like 123@gmail",
              "fullTitle": "Checking all the features in the account  Check the Validation in the box for some pattern like 123@gmail",
              "timedOut": null,
              "duration": 10958,
              "state": "failed",
              "speed": null,
              "pass": false,
              "fail": true,
              "pending": false,
              "context": null,
              "code": "cy.CheckInvalidPatterns(3);",
              "err": {
                "message": "CypressError: `cy.visit()` failed trying to load:\n\nhttp://localhost:3000/Account\n\nWe attempted to make an http request to this URL but the request failed without a response.\n\nWe received this error at the network level:\n\n  > Error: connect ECONNREFUSED 127.0.0.1:3000\n\nCommon situations why this would fail:\n  - you don't have internet access\n  - you forgot to run / boot your web server\n  - your web server isn't accessible\n  - you have weird network configuration settings on your computer\n\nThe stack trace for this error is:\n\nError: connect ECONNREFUSED 127.0.0.1:3000\n    at TCPConnectWrap.afterConnect [as oncomplete] (net.js:1128:14)\n",
                "estack": "CypressError: `cy.visit()` failed trying to load:\n\nhttp://localhost:3000/Account\n\nWe attempted to make an http request to this URL but the request failed without a response.\n\nWe received this error at the network level:\n\n  > Error: connect ECONNREFUSED 127.0.0.1:3000\n\nCommon situations why this would fail:\n  - you don't have internet access\n  - you forgot to run / boot your web server\n  - your web server isn't accessible\n  - you have weird network configuration settings on your computer\n\nThe stack trace for this error is:\n\nError: connect ECONNREFUSED 127.0.0.1:3000\n    at TCPConnectWrap.afterConnect [as oncomplete] (net.js:1128:14)\n\n",
                "diff": null
              },
              "uuid": "d5bdfaa5-97da-42fd-9fa3-12d67878fff1",
              "parentUUID": "b3be337d-ed7f-4d61-88d7-9a644f76cee8",
              "isHook": false,
              "skipped": false
            },
            {
              "title": "Check the Validation in the box for some pattern like 123@gmail.0a ",
              "fullTitle": "Checking all the features in the account  Check the Validation in the box for some pattern like 123@gmail.0a ",
              "timedOut": null,
              "duration": 11192,
              "state": "failed",
              "speed": null,
[...]
              "isHook": false,
              "skipped": false
            },
            {
              "title": "sign-up without accepting the terms & conditions",
              "fullTitle": "Sign-Up sign-up without accepting the terms & conditions",
              "timedOut": null,
              "duration": 8296,
              "state": "failed",
              "speed": null,
              "pass": false,
              "fail": true,
              "pending": false,
              "context": null,
              "code": "cy.get(\"\".concat(self.signUpIds.email)).type(\"\".concat(self.signUpData.email));\ncy.get(\"\".concat(self.signUpIds.password)).type(\"\".concat(self.signUpData.password));\ncy.get(\"\".concat(self.signUpIds.confirmPassword)).type(\"\".concat(self.signUpData.confirmPassword));\ncy.get(\"\".concat(self.signUpIds.displayName)).type(\"\".concat(self.signUpData.displayName));\ncy.get(\"\".concat(self.signUpIds.year)).select(\"\".concat(self.signUpData.year));\ncy.get(\"\".concat(self.signUpIds.month)).select(\"\".concat(self.signUpData.month));\ncy.get(\"\".concat(self.signUpIds.day)).select(\"\".concat(self.signUpData.day));\ncy.get(\"\".concat(self.signUpIds.gender)).select(\"\".concat(self.signUpData.gender));\ncy.server();\ncy.route({\n  method: \"POST\",\n  url: \"/users\"\n}).as(\"new-user\");\ncy.get(\"\".concat(self.signUpIds.button)).click();\ncy.wait(\"@new-user\").should(\"not.exist\");",
              "err": {
                "message": "CypressError: `cy.wait()` timed out waiting `5000ms` for the 1st request to the route: `new-user`. No request ever occurred.",
                "estack": "CypressError: `cy.wait()` timed out waiting `5000ms` for the 1st request to the route: `new-user`. No request ever occurred.\n    at cypressErr (https://oud-zerobase.me/__cypress/runner/cypress_runner.js:146386:16)\n    at Object.throwErr (https://oud-zerobase.me/__cypress/runner/cypress_runner.js:146320:11)\n    at Object.retry (https://oud-zerobase.me/__cypress/runner/cypress_runner.js:139984:19)\n    at checkForXhr (https://oud-zerobase.me/__cypress/runner/cypress_runner.js:136296:17)\n    at https://oud-zerobase.me/__cypress/runner/cypress_runner.js:136297:28\n    at tryCatcher (https://oud-zerobase.me/__cypress/runner/cypress_runner.js:9059:23)\n    at Function.Promise.attempt.Promise.try (https://oud-zerobase.me/__cypress/runner/cypress_runner.js:6333:29)\n    at tryFn (https://oud-zerobase.me/__cypress/runner/cypress_runner.js:140445:21)\n    at whenStable (https://oud-zerobase.me/__cypress/runner/cypress_runner.js:140480:12)\n    at https://oud-zerobase.me/__cypress/runner/cypress_runner.js:140024:16\n    at tryCatcher (https://oud-zerobase.me/__cypress/runner/cypress_runner.js:9059:23)\n    at Promise._settlePromiseFromHandler (https://oud-zerobase.me/__cypress/runner/cypress_runner.js:6994:31)\n    at Promise._settlePromise (https://oud-zerobase.me/__cypress/runner/cypress_runner.js:7051:18)\n    at Promise._settlePromise0 (https://oud-zerobase.me/__cypress/runner/cypress_runner.js:7096:10)\n    at Promise._settlePromises (https://oud-zerobase.me/__cypress/runner/cypress_runner.js:7176:18)\n    at Promise._fulfill (https://oud-zerobase.me/__cypress/runner/cypress_runner.js:7120:18)",
                "diff": null
              },
              "uuid": "614a991c-c0f7-417d-82ac-649c6162d265",
              "parentUUID": "9f74ec49-5fad-4820-a875-716e994350ad",
              "isHook": false,
              "skipped": false
            },
            {
              "title": "login link",
              "fullTitle": "Sign-Up login link",
              "timedOut": null,
              "duration": 437,
              "state": "passed",
              "speed": "slow",
              "pass": true,
              "fail": false,
              "pending": false,
              "context": null,
              "code": "cy.get(\"\".concat(self.signUpIds.loginLink)).should(\"exist\");",
              "err": {},
              "uuid": "ed8758cd-8bd8-4d88-8b5d-091bf036bf1c",
              "parentUUID": "9f74ec49-5fad-4820-a875-716e994350ad",
              "isHook": false,
              "skipped": false
            }
          ],
          "suites": [],
          "passes": [
            "1841cc64-57b5-4ea2-887a-77adb23d36b4",
            "cd12dbf2-1c22-4d08-b4ee-96f46368d9c6",
            "ed8758cd-8bd8-4d88-8b5d-091bf036bf1c"
          ],
          "failures": [
            "5780afe1-bc76-48fe-bc0d-a55a48264804",
            "adbbb039-cd64-45b6-ab2c-2c0a8283cfe4",
            "af062066-e2c6-4874-8a98-5b55fe368b10",
            "d355b947-a7cd-4620-9b93-e4b8d933e174",
            "3bde92b3-dd29-4080-b5a2-651b95880af8",
            "614a991c-c0f7-417d-82ac-649c6162d265"
          ],
          "pending": [],
          "skipped": [],
          "duration": 47066,
          "root": false,
          "rootEmpty": false,
          "_timeout": 2000
        }
      ],
      "passes": [],
      "failures": [],
      "pending": [],
      "skipped": [],
      "duration": 0,
      "root": true,
      "rootEmpty": true,
      "_timeout": 2000
    },
    {
      "uuid": "50d092b3-c6f4-4990-a62d-9e64141a0162",
      "title": "",
      "fullFile": "cypress\\integration\\user\\login.spec.js",
      "file": "cypress\\integration\\user\\login.spec.js",
      "beforeHooks": [],
      "afterHooks": [],
      "tests": [],
      "suites": [
        {
          "uuid": "3c0edb9d-f20e-453d-8f25-82a523eff879",
          "title": "Logging In",
          "fullFile": "",
          "file": "",
          "beforeHooks": [],
          "afterHooks": [],
          "tests": [
            {
              "title": "greets with Sign in",
              "fullTitle": "Logging In greets with Sign in",
              "timedOut": null,
              "duration": 6289,
              "state": "failed",
              "speed": null,
              "pass": false,
              "fail": true,
              "pending": false,
              "context": null,
              "code": "cy.get(\"#login-to-continue\").should(\"contain\", \"To continue, log in to Spotify.\");",
              "err": {
                "message": "CypressError: Timed out retrying: Expected to find element: '#login-to-continue', but never found it.",
                "estack": "CypressError: Timed out retrying: Expected to find element: '#login-to-continue', but never found it.\n    at cypressErr (http://localhost:3000/__cypress/runner/cypress_runner.js:138644:9)\n    at throwErr (http://localhost:3000/__cypress/runner/cypress_runner.js:138577:11)\n    at Object.throwErrByPath (http://localhost:3000/__cypress/runner/cypress_runner.js:138625:3)\n    at retry (http://localhost:3000/__cypress/runner/cypress_runner.js:132905:19)\n    at onFailFn (http://localhost:3000/__cypress/runner/cypress_runner.js:121122:16)\n    at tryCatcher (http://localhost:3000/__cypress/runner/cypress_runner.js:165465:23)\n    at Promise._settlePromiseFromHandler (http://localhost:3000/__cypress/runner/cypress_runner.js:163401:31)\n    at Promise._settlePromise (http://localhost:3000/__cypress/runner/cypress_runner.js:163458:18)\n    at Promise._settlePromise0 (http://localhost:3000/__cypress/runner/cypress_runner.js:163503:10)\n    at Promise._settlePromises (http://localhost:3000/__cypress/runner/cypress_runner.js:163578:18)\n    at Async../node_modules/bluebird/js/release/async.js.Async._drainQueue (http://localhost:3000/__cypress/runner/cypress_runner.js:160190:16)\n    at Async../node_modules/bluebird/js/release/async.js.Async._drainQueues (http://localhost:3000/__cypress/runner/cypress_runner.js:160200:10)\n    at Async.drainQueues (http://localhost:3000/__cypress/runner/cypress_runner.js:160074:14)",
                "diff": null
              },
              "uuid": "5a6eb92d-3ade-4f36-9a9e-6de4815553dc",
              "parentUUID": "3c0edb9d-f20e-453d-8f25-82a523eff879",
              "isHook": false,
              "skipped": false
            },
            {
              "title": "requires Email",
              "fullTitle": "Logging In requires Email",
              "timedOut": null,
              "duration": 4967,
              "state": "failed",
              "speed": null,
              "pass": false,
              "fail": true,
              "pending": false,
              "context": null,
              "code": "cy.get(\"#\".concat(self.loginIds.button)).click();\ncy.get(\"\".concat(self.loginIds.requiresEmail)).should(\"contain\", \"\".concat(self.loginData.requiresEmail));",
              "err": {
                "message": "CypressError: Timed out retrying: Expected to find element: '#login-button', but never found it.",
                "estack": "CypressError: Timed out retrying: Expected to find element: '#login-button', but never found it.\n    at cypressErr (http://localhost:3000/__cypress/runner/cypress_runner.js:138644:9)\n    at throwErr (http://localhost:3000/__cypress/runner/cypress_runner.js:138577:11)\n    at Object.throwErrByPath (http://localhost:3000/__cypress/runner/cypress_runner.js:138625:3)\n    at retry (http://localhost:3000/__cypress/runner/cypress_runner.js:132905:19)\n    at onFailFn (http://localhost:3000/__cypress/runner/cypress_runner.js:121122:16)\n    at tryCatcher (http://localhost:3000/__cypress/runner/cypress_runner.js:165465:23)\n    at Promise._settlePromiseFromHandler (http://localhost:3000/__cypress/runner/cypress_runner.js:163401:31)\n    at Promise._settlePromise (http://localhost:3000/__cypress/runner/cypress_runner.js:163458:18)\n    at Promise._settlePromise0 (http://localhost:3000/__cypress/runner/cypress_runner.js:163503:10)\n    at Promise._settlePromises (http://localhost:3000/__cypress/runner/cypress_runner.js:163578:18)\n    at Async../node_modules/bluebird/js/release/async.js.Async._drainQueue (http://localhost:3000/__cypress/runner/cypress_runner.js:160190:16)\n    at Async../node_modules/bluebird/js/release/async.js.Async._drainQueues (http://localhost:3000/__cypress/runner/cypress_runner.js:160200:10)\n    at Async.drainQueues (http://localhost:3000/__cypress/runner/cypress_runner.js:160074:14)",
                "diff": null
              },
              "uuid": "19a43d0a-9cd4-46d0-96a6-b4e61d15e68b",
              "parentUUID": "3c0edb9d-f20e-453d-8f25-82a523eff879",
              "isHook": false,
              "skipped": false
            },
            {
              "title": "requires Password",
              "fullTitle": "Logging In requires Password",
              "timedOut": null,
              "duration": 4702,
              "state": "failed",
              "speed": null,
              "pass": false,
              "fail": true,
              "pending": false,
              "context": null,
              "code": "cy.get(\"#\".concat(self.loginIds.button)).click();\ncy.get(\"\".concat(self.loginIds.requiresPassword)).should(\"contain\", \"\".concat(self.loginData.requiresPassword));",
              "err": {
                "message": "CypressError: Timed out retrying: Expected to find element: '#login-button', but never found it.",
                "estack": "CypressError: Timed out retrying: Expected to find element: '#login-button', but never found it.\n    at cypressErr (http://localhost:3000/__cypress/runner/cypress_runner.js:138644:9)\n    at throwErr (http://localhost:3000/__cypress/runner/cypress_runner.js:138577:11)\n    at Object.throwErrByPath (http://localhost:3000/__cypress/runner/cypress_runner.js:138625:3)\n    at retry (http://localhost:3000/__cypress/runner/cypress_runner.js:132905:19)\n    at onFailFn (http://localhost:3000/__cypress/runner/cypress_runner.js:121122:16)\n    at tryCatcher (http://localhost:3000/__cypress/runner/cypress_runner.js:165465:23)\n    at Promise._settlePromiseFromHandler (http://localhost:3000/__cypress/runner/cypress_runner.js:163401:31)\n    at Promise._settlePromise (http://localhost:3000/__cypress/runner/cypress_runner.js:163458:18)\n    at Promise._settlePromise0 (http://localhost:3000/__cypress/runner/cypress_runner.js:163503:10)\n    at Promise._settlePromises (http://localhost:3000/__cypress/runner/cypress_runner.js:163578:18)\n    at Async../node_modules/bluebird/js/release/async.js.Async._drainQueue (http://localhost:3000/__cypress/runner/cypress_runner.js:160190:16)\n    at Async../node_modules/bluebird/js/release/async.js.Async._drainQueues (http://localhost:3000/__cypress/runner/cypress_runner.js:160200:10)\n    at Async.drainQueues (http://localhost:3000/__cypress/runner/cypress_runner.js:160074:14)",
                "diff": null
              },
              "uuid": "81a046a2-9b69-403f-a4c1-393a71bf6b4e",
              "parentUUID": "3c0edb9d-f20e-453d-8f25-82a523eff879",
              "isHook": false,
              "skipped": false
            },
            {
              "title": "requires valid Email ans Password",
              "fullTitle": "Logging In requires valid Email ans Password",
              "timedOut": null,
              "duration": 4651,
              "state": "failed",
              "speed": null,
              "pass": false,
              "fail": true,
              "pending": false,
              "context": null,
              "code": "cy.get(\"#\".concat(self.loginIds.email)).type(\"oud\");\ncy.get(\"#\".concat(self.loginIds.password)).type(\"oud\");\ncy.get(\"#\".concat(self.loginIds.button)).click();\ncy.get(\"\".concat(self.loginIds.requiresBoth)).should(\"contain\", \"\".concat(self.loginData.requiresBoth));",
              "err": {
                "message": "CypressError: Timed out retrying: Expected to find element: '#login-username', but never found it.",
                "estack": "CypressError: Timed out retrying: Expected to find element: '#login-username', but never found it.\n    at cypressErr (http://localhost:3000/__cypress/runner/cypress_runner.js:138644:9)\n    at throwErr (http://localhost:3000/__cypress/runner/cypress_runner.js:138577:11)\n    at Object.throwErrByPath (http://localhost:3000/__cypress/runner/cypress_runner.js:138625:3)\n    at retry (http://localhost:3000/__cypress/runner/cypress_runner.js:132905:19)\n    at onFailFn (http://localhost:3000/__cypress/runner/cypress_runner.js:121122:16)\n    at tryCatcher (http://localhost:3000/__cypress/runner/cypress_runner.js:165465:23)\n    at Promise._settlePromiseFromHandler (http://localhost:3000/__cypress/runner/cypress_runner.js:163401:31)\n    at Promise._settlePromise (http://localhost:3000/__cypress/runner/cypress_runner.js:163458:18)\n    at Promise._settlePromise0 (http://localhost:3000/__cypress/runner/cypress_runner.js:163503:10)\n    at Promise._settlePromises (http://localhost:3000/__cypress/runner/cypress_runner.js:163578:18)\n    at Async../node_modules/bluebird/js/release/async.js.Async._drainQueue (http://localhost:3000/__cypress/runner/cypress_runner.js:160190:16)\n    at Async../node_modules/bluebird/js/release/async.js.Async._drainQueues (http://localhost:3000/__cypress/runner/cypress_runner.js:160200:10)\n    at Async.drainQueues (http://localhost:3000/__cypress/runner/cypress_runner.js:160074:14)",
                "diff": null
              },
              "uuid": "73903480-319c-41ac-8199-80acbade3223",
              "parentUUID": "3c0edb9d-f20e-453d-8f25-82a523eff879",
              "isHook": false,
              "skipped": false
            },
            {
              "title": "link to Sign up",
              "fullTitle": "Logging In link to Sign up",
              "timedOut": null,
              "duration": 1128,
              "state": "failed",
              "speed": null,
              "pass": false,
              "fail": true,
              "pending": false,
              "context": null,
              "code": "cy.get(\"#\".concat(signUpLink)).click();\ncy.url().should(\"contain\", \"signup\");",
              "err": {
                "message": "ReferenceError: signUpLink is not defined",
                "estack": "ReferenceError: signUpLink is not defined\n    at Context.<anonymous> (http://localhost:3000/__cypress/tests?p=cypress\\integration\\user\\login.spec.js-383:35:23)",
                "diff": null
              },
              "uuid": "d50b6522-049a-443e-a0c9-291cb2c01d2e",
              "parentUUID": "3c0edb9d-f20e-453d-8f25-82a523eff879",
              "isHook": false,
              "skipped": false
            },
            {
              "title": "Successful login",
              "fullTitle": "Logging In Successful login",
              "timedOut": null,
              "duration": 4620,
              "state": "failed",
              "speed": null,
              "pass": false,
              "fail": true,
              "pending": false,
              "context": null,
              "code": "cy.login();",
              "err": {
                "message": "CypressError: Timed out retrying: Expected to find element: '#login-username', but never found it.",
                "estack": "CypressError: Timed out retrying: Expected to find element: '#login-username', but never found it.\n    at cypressErr (http://localhost:3000/__cypress/runner/cypress_runner.js:138644:9)\n    at throwErr (http://localhost:3000/__cypress/runner/cypress_runner.js:138577:11)\n    at Object.throwErrByPath (http://localhost:3000/__cypress/runner/cypress_runner.js:138625:3)\n    at retry (http://localhost:3000/__cypress/runner/cypress_runner.js:132905:19)\n    at onFailFn (http://localhost:3000/__cypress/runner/cypress_runner.js:121122:16)\n    at tryCatcher (http://localhost:3000/__cypress/runner/cypress_runner.js:165465:23)\n    at Promise._settlePromiseFromHandler (http://localhost:3000/__cypress/runner/cypress_runner.js:163401:31)\n    at Promise._settlePromise (http://localhost:3000/__cypress/runner/cypress_runner.js:163458:18)\n    at Promise._settlePromise0 (http://localhost:3000/__cypress/runner/cypress_runner.js:163503:10)\n    at Promise._settlePromises (http://localhost:3000/__cypress/runner/cypress_runner.js:163578:18)\n    at Async../node_modules/bluebird/js/release/async.js.Async._drainQueue (http://localhost:3000/__cypress/runner/cypress_runner.js:160190:16)\n    at Async../node_modules/bluebird/js/release/async.js.Async._drainQueues (http://localhost:3000/__cypress/runner/cypress_runner.js:160200:10)\n    at Async.drainQueues (http://localhost:3000/__cypress/runner/cypress_runner.js:160074:14)",
                "diff": null
              },
              "uuid": "652641fc-1acc-441d-9ea1-f4b77a5137d6",
              "parentUUID": "3c0edb9d-f20e-453d-8f25-82a523eff879",
              "isHook": false,
              "skipped": false
            }
          ],
          "suites": [],
          "passes": [],
          "failures": [
            "5a6eb92d-3ade-4f36-9a9e-6de4815553dc",
            "19a43d0a-9cd4-46d0-96a6-b4e61d15e68b",
            "81a046a2-9b69-403f-a4c1-393a71bf6b4e",
            "73903480-319c-41ac-8199-80acbade3223",
            "d50b6522-049a-443e-a0c9-291cb2c01d2e",
            "652641fc-1acc-441d-9ea1-f4b77a5137d6"
          ],
          "pending": [],
          "skipped": [],
          "duration": 26357,
          "root": false,
          "rootEmpty": false,
          "_timeout": 2000
        }
      ],
      "passes": [],
      "failures": [],
      "pending": [],
      "skipped": [],
      "duration": 0,
      "root": true,
      "rootEmpty": true,
      "_timeout": 2000
    }
  ],
  "meta": {
    "mocha": {
      "version": "7.1.1"
    },
    "mochawesome": {
      "options": {
        "quiet": false,
        "reportFilename": "mochawesome",
        "saveHtml": true,
        "saveJson": true,
        "consoleReporter": "spec",
        "useInlineDiffs": false,
        "code": true
      },
      "version": "5.0.0"
    },
    "marge": {
      "options": {
        "id": "default",
        "reportDir": "cypress/reports/mocha",
        "quite": true,
        "overwrite": false,
        "html": true,
        "json": true
      },
      "version": "4.1.0"
    }
  }
}